# JRE version: OpenJDK Runtime Environment Temurin-21.0.11+10 (21.0.11+10) (build 21.0.11+10-LTS)
# Java VM: OpenJDK 64-Bit Server VM Temurin-21.0.11+10 (21.0.11+10-LTS, mixed mode, sharing, tiered, compressed oops, compressed class ptrs, parallel gc, windows-amd64)
GC Precious Log:
 CardTable entry size: 512
 CPUs: 8 total, 8 available
 Memory: 7418M
 Large Page Support: Disabled
 NUMA Support: Disabled
 Compressed Oops: Enabled (32-bit)
 Alignments: Space 512K, Generation 512K, Heap 2M
 Heap Min Capacity: 100M
 Heap Initial Capacity: 100M
 Heap Max Capacity: 2G
 Pre-touch: Disabled
 Parallel Workers: 8
Heap:
 PSYoungGen      total 2560K, used 669K [0x00000000d5580000, 0x00000000d5880000, 0x0000000100000000)
  eden space 1536K, 12% used [0x00000000d5580000,0x00000000d55af698,0x00000000d5700000)
  from space 1024K, 46% used [0x00000000d5700000,0x00000000d5778000,0x00000000d5800000)
  to   space 512K, 0% used [0x00000000d5800000,0x00000000d5800000,0x00000000d5880000)
 ParOldGen       total 1171968K, used 602816K [0x0000000080000000, 0x00000000c7880000, 0x00000000d5580000)
  object space 1171968K, 51% used [0x0000000080000000,0x00000000a4cb01c8,0x00000000c7880000)
 Metaspace       used 119409K, committed 121856K, reserved 1179648K
  class space    used 15524K, committed 16960K, reserved 1048576K
GC Heap History (20 events):
Event: 4427.091 GC heap before
{Heap before GC invocations=8264 (full 6):
 PSYoungGen      total 2048K, used 1888K [0x00000000d5580000, 0x00000000d5880000, 0x0000000100000000)
  eden space 1536K, 100% used [0x00000000d5580000,0x00000000d5700000,0x00000000d5700000)
  from space 512K, 68% used [0x00000000d5800000,0x00000000d5858000,0x00000000d5880000)
  to   space 512K, 0% used [0x00000000d5780000,0x00000000d5780000,0x00000000d5800000)
 ParOldGen       total 1171968K, used 598535K [0x0000000080000000, 0x00000000c7880000, 0x00000000d5580000)
  object space 1171968K, 51% used [0x0000000080000000,0x00000000a4881d48,0x00000000c7880000)
 Metaspace       used 119368K, committed 121792K, reserved 1179648K
  class space    used 15524K, committed 16960K, reserved 1048576K
}
Event: 4427.095 GC heap after
{Heap after GC invocations=8264 (full 6):
 PSYoungGen      total 2048K, used 416K [0x00000000d5580000, 0x00000000d5880000, 0x0000000100000000)
  eden space 1536K, 0% used [0x00000000d5580000,0x00000000d5580000,0x00000000d5700000)
  from space 512K, 81% used [0x00000000d5780000,0x00000000d57e8000,0x00000000d5800000)
  to   space 512K, 0% used [0x00000000d5800000,0x00000000d5800000,0x00000000d5880000)
 ParOldGen       total 1171968K, used 598811K [0x0000000080000000, 0x00000000c7880000, 0x00000000d5580000)
  object space 1171968K, 51% used [0x0000000080000000,0x00000000a48c6d58,0x00000000c7880000)
 Metaspace       used 119368K, committed 121792K, reserved 1179648K
  class space    used 15524K, committed 16960K, reserved 1048576K
}
Event: 4427.146 GC heap before
{Heap before GC invocations=8265 (full 6):
 PSYoungGen      total 2048K, used 1952K [0x00000000d5580000, 0x00000000d5880000, 0x0000000100000000)
  eden space 1536K, 100% used [0x00000000d5580000,0x00000000d5700000,0x00000000d5700000)
  from space 512K, 81% used [0x00000000d5780000,0x00000000d57e8000,0x00000000d5800000)
  to   space 512K, 0% used [0x00000000d5800000,0x00000000d5800000,0x00000000d5880000)
 ParOldGen       total 1171968K, used 598811K [0x0000000080000000, 0x00000000c7880000, 0x00000000d5580000)
  object space 1171968K, 51% used [0x0000000080000000,0x00000000a48c6d58,0x00000000c7880000)
 Metaspace       used 119377K, committed 121856K, reserved 1179648K
  class space    used 15524K, committed 16960K, reserved 1048576K
}
Event: 4427.149 GC heap after
{Heap after GC invocations=8265 (full 6):
 PSYoungGen      total 2048K, used 512K [0x00000000d5580000, 0x00000000d5900000, 0x0000000100000000)
  eden space 1536K, 0% used [0x00000000d5580000,0x00000000d5580000,0x00000000d5700000)
  from space 512K, 100% used [0x00000000d5800000,0x00000000d5880000,0x00000000d5880000)
  to   space 1024K, 0% used [0x00000000d5700000,0x00000000d5700000,0x00000000d5800000)
 ParOldGen       total 1171968K, used 599119K [0x0000000080000000, 0x00000000c7880000, 0x00000000d5580000)
  object space 1171968K, 51% used [0x0000000080000000,0x00000000a4913d88,0x00000000c7880000)
 Metaspace       used 119377K, committed 121856K, reserved 1179648K
  class space    used 15524K, committed 16960K, reserved 1048576K
}
Event: 4427.191 GC heap before
{Heap before GC invocations=8266 (full 6):
 PSYoungGen      total 2048K, used 2048K [0x00000000d5580000, 0x00000000d5900000, 0x0000000100000000)
  eden space 1536K, 100% used [0x00000000d5580000,0x00000000d5700000,0x00000000d5700000)
  from space 512K, 100% used [0x00000000d5800000,0x00000000d5880000,0x00000000d5880000)
  to   space 1024K, 0% used [0x00000000d5700000,0x00000000d5700000,0x00000000d5800000)
 ParOldGen       total 1171968K, used 599119K [0x0000000080000000, 0x00000000c7880000, 0x00000000d5580000)
  object space 1171968K, 51% used [0x0000000080000000,0x00000000a4913d88,0x00000000c7880000)
 Metaspace       used 119377K, committed 121856K, reserved 1179648K
  class space    used 15524K, committed 16960K, reserved 1048576K
}
Event: 4427.195 GC heap after
{Heap after GC invocations=8266 (full 6):
 PSYoungGen      total 2560K, used 544K [0x00000000d5580000, 0x00000000d5900000, 0x0000000100000000)
  eden space 1536K, 0% used [0x00000000d5580000,0x00000000d5580000,0x00000000d5700000)
  from space 1024K, 53% used [0x00000000d5700000,0x00000000d5788000,0x00000000d5800000)
  to   space 1024K, 0% used [0x00000000d5800000,0x00000000d5800000,0x00000000d5900000)
 ParOldGen       total 1171968K, used 599576K [0x0000000080000000, 0x00000000c7880000, 0x00000000d5580000)
  object space 1171968K, 51% used [0x0000000080000000,0x00000000a4986150,0x00000000c7880000)
 Metaspace       used 119377K, committed 121856K, reserved 1179648K
  class space    used 15524K, committed 16960K, reserved 1048576K
}
Event: 4427.229 GC heap before
{Heap before GC invocations=8267 (full 6):
 PSYoungGen      total 2560K, used 2079K [0x00000000d5580000, 0x00000000d5900000, 0x0000000100000000)
  eden space 1536K, 99% used [0x00000000d5580000,0x00000000d56fffc0,0x00000000d5700000)
  from space 1024K, 53% used [0x00000000d5700000,0x00000000d5788000,0x00000000d5800000)
  to   space 1024K, 0% used [0x00000000d5800000,0x00000000d5800000,0x00000000d5900000)
 ParOldGen       total 1171968K, used 599576K [0x0000000080000000, 0x00000000c7880000, 0x00000000d5580000)
  object space 1171968K, 51% used [0x0000000080000000,0x00000000a4986150,0x00000000c7880000)
 Metaspace       used 119380K, committed 121856K, reserved 1179648K
  class space    used 15524K, committed 16960K, reserved 1048576K
}
Event: 4427.233 GC heap after
{Heap after GC invocations=8267 (full 6):
 PSYoungGen      total 2560K, used 512K [0x00000000d5580000, 0x00000000d5900000, 0x0000000100000000)
  eden space 1536K, 0% used [0x00000000d5580000,0x00000000d5580000,0x00000000d5700000)
  from space 1024K, 50% used [0x00000000d5800000,0x00000000d5880000,0x00000000d5900000)
  to   space 1024K, 0% used [0x00000000d5700000,0x00000000d5700000,0x00000000d5800000)
 ParOldGen       total 1171968K, used 599999K [0x0000000080000000, 0x00000000c7880000, 0x00000000d5580000)
  object space 1171968K, 51% used [0x0000000080000000,0x00000000a49efe48,0x00000000c7880000)
 Metaspace       used 119380K, committed 121856K, reserved 1179648K
  class space    used 15524K, committed 16960K, reserved 1048576K
}
Event: 4427.300 GC heap before
{Heap before GC invocations=8268 (full 6):
 PSYoungGen      total 2560K, used 2048K [0x00000000d5580000, 0x00000000d5900000, 0x0000000100000000)
  eden space 1536K, 100% used [0x00000000d5580000,0x00000000d5700000,0x00000000d5700000)
  from space 1024K, 50% used [0x00000000d5800000,0x00000000d5880000,0x00000000d5900000)
  to   space 1024K, 0% used [0x00000000d5700000,0x00000000d5700000,0x00000000d5800000)
 ParOldGen       total 1171968K, used 599999K [0x0000000080000000, 0x00000000c7880000, 0x00000000d5580000)
  object space 1171968K, 51% used [0x0000000080000000,0x00000000a49efe48,0x00000000c7880000)
 Metaspace       used 119382K, committed 121856K, reserved 1179648K
  class space    used 15524K, committed 16960K, reserved 1048576K
}
Event: 4427.303 GC heap after
{Heap after GC invocations=8268 (full 6):
 PSYoungGen      total 2560K, used 544K [0x00000000d5580000, 0x00000000d5900000, 0x0000000100000000)
  eden space 1536K, 0% used [0x00000000d5580000,0x00000000d5580000,0x00000000d5700000)
  from space 1024K, 53% used [0x00000000d5700000,0x00000000d5788010,0x00000000d5800000)
  to   space 1024K, 0% used [0x00000000d5800000,0x00000000d5800000,0x00000000d5900000)
 ParOldGen       total 1171968K, used 600383K [0x0000000080000000, 0x00000000c7880000, 0x00000000d5580000)
  object space 1171968K, 51% used [0x0000000080000000,0x00000000a4a4fe68,0x00000000c7880000)
 Metaspace       used 119382K, committed 121856K, reserved 1179648K
  class space    used 15524K, committed 16960K, reserved 1048576K
}
Event: 4427.355 GC heap before
{Heap before GC invocations=8269 (full 6):
 PSYoungGen      total 2560K, used 2078K [0x00000000d5580000, 0x00000000d5900000, 0x0000000100000000)
  eden space 1536K, 99% used [0x00000000d5580000,0x00000000d56ff8e0,0x00000000d5700000)
  from space 1024K, 53% used [0x00000000d5700000,0x00000000d5788010,0x00000000d5800000)
  to   space 1024K, 0% used [0x00000000d5800000,0x00000000d5800000,0x00000000d5900000)
 ParOldGen       total 1171968K, used 600383K [0x0000000080000000, 0x00000000c7880000, 0x00000000d5580000)
  object space 1171968K, 51% used [0x0000000080000000,0x00000000a4a4fe68,0x00000000c7880000)
 Metaspace       used 119384K, committed 121856K, reserved 1179648K
  class space    used 15524K, committed 16960K, reserved 1048576K
}
Event: 4427.359 GC heap after
{Heap after GC invocations=8269 (full 6):
 PSYoungGen      total 2560K, used 512K [0x00000000d5580000, 0x00000000d5900000, 0x0000000100000000)
  eden space 1536K, 0% used [0x00000000d5580000,0x00000000d5580000,0x00000000d5700000)
  from space 1024K, 50% used [0x00000000d5800000,0x00000000d5880000,0x00000000d5900000)
  to   space 1024K, 0% used [0x00000000d5700000,0x00000000d5700000,0x00000000d5800000)
 ParOldGen       total 1171968K, used 600847K [0x0000000080000000, 0x00000000c7880000, 0x00000000d5580000)
  object space 1171968K, 51% used [0x0000000080000000,0x00000000a4ac3eb8,0x00000000c7880000)
 Metaspace       used 119384K, committed 121856K, reserved 1179648K
  class space    used 15524K, committed 16960K, reserved 1048576K
}
Event: 4427.421 GC heap before
{Heap before GC invocations=8270 (full 6):
 PSYoungGen      total 2560K, used 2048K [0x00000000d5580000, 0x00000000d5900000, 0x0000000100000000)
  eden space 1536K, 100% used [0x00000000d5580000,0x00000000d5700000,0x00000000d5700000)
  from space 1024K, 50% used [0x00000000d5800000,0x00000000d5880000,0x00000000d5900000)
  to   space 1024K, 0% used [0x00000000d5700000,0x00000000d5700000,0x00000000d5800000)
 ParOldGen       total 1171968K, used 600847K [0x0000000080000000, 0x00000000c7880000, 0x00000000d5580000)
  object space 1171968K, 51% used [0x0000000080000000,0x00000000a4ac3eb8,0x00000000c7880000)
 Metaspace       used 119388K, committed 121856K, reserved 1179648K
  class space    used 15524K, committed 16960K, reserved 1048576K
}
Event: 4427.424 GC heap after
{Heap after GC invocations=8270 (full 6):
 PSYoungGen      total 2560K, used 544K [0x00000000d5580000, 0x00000000d5900000, 0x0000000100000000)
  eden space 1536K, 0% used [0x00000000d5580000,0x00000000d5580000,0x00000000d5700000)
  from space 1024K, 53% used [0x00000000d5700000,0x00000000d5788000,0x00000000d5800000)
  to   space 1024K, 0% used [0x00000000d5800000,0x00000000d5800000,0x00000000d5900000)
 ParOldGen       total 1171968K, used 601271K [0x0000000080000000, 0x00000000c7880000, 0x00000000d5580000)
  object space 1171968K, 51% used [0x0000000080000000,0x00000000a4b2ded8,0x00000000c7880000)
 Metaspace       used 119388K, committed 121856K, reserved 1179648K
  class space    used 15524K, committed 16960K, reserved 1048576K
}
Event: 4427.453 GC heap before
{Heap before GC invocations=8271 (full 6):
 PSYoungGen      total 2560K, used 2080K [0x00000000d5580000, 0x00000000d5900000, 0x0000000100000000)
  eden space 1536K, 100% used [0x00000000d5580000,0x00000000d5700000,0x00000000d5700000)
  from space 1024K, 53% used [0x00000000d5700000,0x00000000d5788000,0x00000000d5800000)
  to   space 1024K, 0% used [0x00000000d5800000,0x00000000d5800000,0x00000000d5900000)
 ParOldGen       total 1171968K, used 601271K [0x0000000080000000, 0x00000000c7880000, 0x00000000d5580000)
  object space 1171968K, 51% used [0x0000000080000000,0x00000000a4b2ded8,0x00000000c7880000)
 Metaspace       used 119391K, committed 121856K, reserved 1179648K
  class space    used 15524K, committed 16960K, reserved 1048576K
}
Event: 4427.456 GC heap after
{Heap after GC invocations=8271 (full 6):
 PSYoungGen      total 2560K, used 544K [0x00000000d5580000, 0x00000000d5900000, 0x0000000100000000)
  eden space 1536K, 0% used [0x00000000d5580000,0x00000000d5580000,0x00000000d5700000)
  from space 1024K, 53% used [0x00000000d5800000,0x00000000d5888000,0x00000000d5900000)
  to   space 1024K, 0% used [0x00000000d5700000,0x00000000d5700000,0x00000000d5800000)
 ParOldGen       total 1171968K, used 601672K [0x0000000080000000, 0x00000000c7880000, 0x00000000d5580000)
  object space 1171968K, 51% used [0x0000000080000000,0x00000000a4b92148,0x00000000c7880000)
 Metaspace       used 119391K, committed 121856K, reserved 1179648K
  class space    used 15524K, committed 16960K, reserved 1048576K
}
Event: 4427.510 GC heap before
{Heap before GC invocations=8272 (full 6):
 PSYoungGen      total 2560K, used 2080K [0x00000000d5580000, 0x00000000d5900000, 0x0000000100000000)
  eden space 1536K, 100% used [0x00000000d5580000,0x00000000d5700000,0x00000000d5700000)
  from space 1024K, 53% used [0x00000000d5800000,0x00000000d5888000,0x00000000d5900000)
  to   space 1024K, 0% used [0x00000000d5700000,0x00000000d5700000,0x00000000d5800000)
 ParOldGen       total 1171968K, used 601672K [0x0000000080000000, 0x00000000c7880000, 0x00000000d5580000)
  object space 1171968K, 51% used [0x0000000080000000,0x00000000a4b92148,0x00000000c7880000)
 Metaspace       used 119395K, committed 121856K, reserved 1179648K
  class space    used 15524K, committed 16960K, reserved 1048576K
}
Event: 4427.513 GC heap after
{Heap after GC invocations=8272 (full 6):
 PSYoungGen      total 2560K, used 480K [0x00000000d5580000, 0x00000000d5880000, 0x0000000100000000)
  eden space 1536K, 0% used [0x00000000d5580000,0x00000000d5580000,0x00000000d5700000)
  from space 1024K, 46% used [0x00000000d5700000,0x00000000d5778000,0x00000000d5800000)
  to   space 512K, 0% used [0x00000000d5800000,0x00000000d5800000,0x00000000d5880000)
 ParOldGen       total 1171968K, used 602056K [0x0000000080000000, 0x00000000c7880000, 0x00000000d5580000)
  object space 1171968K, 51% used [0x0000000080000000,0x00000000a4bf2188,0x00000000c7880000)
 Metaspace       used 119395K, committed 121856K, reserved 1179648K
  class space    used 15524K, committed 16960K, reserved 1048576K
}
Event: 4427.534 GC heap before
{Heap before GC invocations=8273 (full 6):
 PSYoungGen      total 2560K, used 2016K [0x00000000d5580000, 0x00000000d5880000, 0x0000000100000000)
  eden space 1536K, 100% used [0x00000000d5580000,0x00000000d5700000,0x00000000d5700000)
  from space 1024K, 46% used [0x00000000d5700000,0x00000000d5778000,0x00000000d5800000)
  to   space 512K, 0% used [0x00000000d5800000,0x00000000d5800000,0x00000000d5880000)
 ParOldGen       total 1171968K, used 602056K [0x0000000080000000, 0x00000000c7880000, 0x00000000d5580000)
  object space 1171968K, 51% used [0x0000000080000000,0x00000000a4bf2188,0x00000000c7880000)
 Metaspace       used 119395K, committed 121856K, reserved 1179648K
  class space    used 15524K, committed 16960K, reserved 1048576K
}
Event: 4428.439 GC heap after
{Heap after GC invocations=8273 (full 6):
 PSYoungGen      total 2048K, used 512K [0x00000000d5580000, 0x00000000d5900000, 0x0000000100000000)
  eden space 1536K, 0% used [0x00000000d5580000,0x00000000d5580000,0x00000000d5700000)
  from space 512K, 100% used [0x00000000d5800000,0x00000000d5880000,0x00000000d5880000)
  to   space 1024K, 0% used [0x00000000d5700000,0x00000000d5700000,0x00000000d5800000)
 ParOldGen       total 1171968K, used 602424K [0x0000000080000000, 0x00000000c7880000, 0x00000000d5580000)
  object space 1171968K, 51% used [0x0000000080000000,0x00000000a4c4e1a8,0x00000000c7880000)
 Metaspace       used 119395K, committed 121856K, reserved 1179648K
  class space    used 15524K, committed 16960K, reserved 1048576K
}

