# JRE version: OpenJDK Runtime Environment Temurin-21.0.11+10 (21.0.11+10) (build 21.0.11+10-LTS)
# Java VM: OpenJDK 64-Bit Server VM Temurin-21.0.11+10 (21.0.11+10-LTS, mixed mode, sharing, tiered, compressed oops, compressed class ptrs, parallel gc, windows-amd64)
GC Precious Log:
 CardTable entry size: 512
 CPUs: 8 total, 8 available
 Memory: 7418M
 Large Page Support: Disabled
 NUMA Support: Disabled
 Compressed Oops: Enabled (32-bit)
 Alignments: Space 512K, Generation 512K, Heap 2M
 Heap Min Capacity: 100M
 Heap Initial Capacity: 100M
 Heap Max Capacity: 2G
 Pre-touch: Disabled
 Parallel Workers: 8
Heap:
 PSYoungGen      total 23552K, used 13933K [0x00000000d5580000, 0x00000000d6f00000, 0x0000000100000000)
  eden space 22016K, 56% used [0x00000000d5580000,0x00000000d61ab738,0x00000000d6b00000)
  from space 1536K, 95% used [0x00000000d6b00000,0x00000000d6c70000,0x00000000d6c80000)
  to   space 2048K, 0% used [0x00000000d6d00000,0x00000000d6d00000,0x00000000d6f00000)
 ParOldGen       total 68608K, used 24352K [0x0000000080000000, 0x0000000084300000, 0x00000000d5580000)
  object space 68608K, 35% used [0x0000000080000000,0x00000000817c8260,0x0000000084300000)
 Metaspace       used 43432K, committed 44608K, reserved 1114112K
  class space    used 4691K, committed 5248K, reserved 1048576K
GC Heap History (20 events):
Event: 19.009 GC heap before
{Heap before GC invocations=12 (full 1):
 PSYoungGen      total 24064K, used 23739K [0x00000000d5580000, 0x00000000d7180000, 0x0000000100000000)
  eden space 22528K, 100% used [0x00000000d5580000,0x00000000d6b80000,0x00000000d6b80000)
  from space 1536K, 78% used [0x00000000d7000000,0x00000000d712efb8,0x00000000d7180000)
  to   space 1536K, 0% used [0x00000000d6e80000,0x00000000d6e80000,0x00000000d7000000)
 ParOldGen       total 68608K, used 15191K [0x0000000080000000, 0x0000000084300000, 0x00000000d5580000)
  object space 68608K, 22% used [0x0000000080000000,0x0000000080ed5d98,0x0000000084300000)
 Metaspace       used 27773K, committed 28608K, reserved 1114112K
  class space    used 2730K, committed 3072K, reserved 1048576K
}
Event: 19.013 GC heap after
{Heap after GC invocations=12 (full 1):
 PSYoungGen      total 23552K, used 1255K [0x00000000d5580000, 0x00000000d7080000, 0x0000000100000000)
  eden space 22016K, 0% used [0x00000000d5580000,0x00000000d5580000,0x00000000d6b00000)
  from space 1536K, 81% used [0x00000000d6e80000,0x00000000d6fb9f20,0x00000000d7000000)
  to   space 512K, 0% used [0x00000000d7000000,0x00000000d7000000,0x00000000d7080000)
 ParOldGen       total 68608K, used 17772K [0x0000000080000000, 0x0000000084300000, 0x00000000d5580000)
  object space 68608K, 25% used [0x0000000080000000,0x000000008115b090,0x0000000084300000)
 Metaspace       used 27773K, committed 28608K, reserved 1114112K
  class space    used 2730K, committed 3072K, reserved 1048576K
}
Event: 19.692 GC heap before
{Heap before GC invocations=13 (full 1):
 PSYoungGen      total 23552K, used 23271K [0x00000000d5580000, 0x00000000d7080000, 0x0000000100000000)
  eden space 22016K, 100% used [0x00000000d5580000,0x00000000d6b00000,0x00000000d6b00000)
  from space 1536K, 81% used [0x00000000d6e80000,0x00000000d6fb9f20,0x00000000d7000000)
  to   space 512K, 0% used [0x00000000d7000000,0x00000000d7000000,0x00000000d7080000)
 ParOldGen       total 68608K, used 17772K [0x0000000080000000, 0x0000000084300000, 0x00000000d5580000)
  object space 68608K, 25% used [0x0000000080000000,0x000000008115b090,0x0000000084300000)
 Metaspace       used 30229K, committed 31168K, reserved 1114112K
  class space    used 3025K, committed 3392K, reserved 1048576K
}
Event: 19.695 GC heap after
{Heap after GC invocations=13 (full 1):
 PSYoungGen      total 22528K, used 503K [0x00000000d5580000, 0x00000000d7080000, 0x0000000100000000)
  eden space 22016K, 0% used [0x00000000d5580000,0x00000000d5580000,0x00000000d6b00000)
  from space 512K, 98% used [0x00000000d7000000,0x00000000d707def0,0x00000000d7080000)
  to   space 2048K, 0% used [0x00000000d6c80000,0x00000000d6c80000,0x00000000d6e80000)
 ParOldGen       total 68608K, used 19110K [0x0000000080000000, 0x0000000084300000, 0x00000000d5580000)
  object space 68608K, 27% used [0x0000000080000000,0x00000000812a98c0,0x0000000084300000)
 Metaspace       used 30229K, committed 31168K, reserved 1114112K
  class space    used 3025K, committed 3392K, reserved 1048576K
}
Event: 20.156 GC heap before
{Heap before GC invocations=14 (full 1):
 PSYoungGen      total 22528K, used 22519K [0x00000000d5580000, 0x00000000d7080000, 0x0000000100000000)
  eden space 22016K, 100% used [0x00000000d5580000,0x00000000d6b00000,0x00000000d6b00000)
  from space 512K, 98% used [0x00000000d7000000,0x00000000d707def0,0x00000000d7080000)
  to   space 2048K, 0% used [0x00000000d6c80000,0x00000000d6c80000,0x00000000d6e80000)
 ParOldGen       total 68608K, used 19110K [0x0000000080000000, 0x0000000084300000, 0x00000000d5580000)
  object space 68608K, 27% used [0x0000000080000000,0x00000000812a98c0,0x0000000084300000)
 Metaspace       used 32715K, committed 33728K, reserved 1114112K
  class space    used 3334K, committed 3776K, reserved 1048576K
}
Event: 20.159 GC heap after
{Heap after GC invocations=14 (full 1):
 PSYoungGen      total 24064K, used 1210K [0x00000000d5580000, 0x00000000d7080000, 0x0000000100000000)
  eden space 22016K, 0% used [0x00000000d5580000,0x00000000d5580000,0x00000000d6b00000)
  from space 2048K, 59% used [0x00000000d6c80000,0x00000000d6daeb00,0x00000000d6e80000)
  to   space 1536K, 0% used [0x00000000d6f00000,0x00000000d6f00000,0x00000000d7080000)
 ParOldGen       total 68608K, used 19581K [0x0000000080000000, 0x0000000084300000, 0x00000000d5580000)
  object space 68608K, 28% used [0x0000000080000000,0x000000008131f7b0,0x0000000084300000)
 Metaspace       used 32715K, committed 33728K, reserved 1114112K
  class space    used 3334K, committed 3776K, reserved 1048576K
}
Event: 20.483 GC heap before
{Heap before GC invocations=15 (full 1):
 PSYoungGen      total 24064K, used 23226K [0x00000000d5580000, 0x00000000d7080000, 0x0000000100000000)
  eden space 22016K, 100% used [0x00000000d5580000,0x00000000d6b00000,0x00000000d6b00000)
  from space 2048K, 59% used [0x00000000d6c80000,0x00000000d6daeb00,0x00000000d6e80000)
  to   space 1536K, 0% used [0x00000000d6f00000,0x00000000d6f00000,0x00000000d7080000)
 ParOldGen       total 68608K, used 19581K [0x0000000080000000, 0x0000000084300000, 0x00000000d5580000)
  object space 68608K, 28% used [0x0000000080000000,0x000000008131f7b0,0x0000000084300000)
 Metaspace       used 34614K, committed 35840K, reserved 1114112K
  class space    used 3563K, committed 4096K, reserved 1048576K
}
Event: 20.487 GC heap after
{Heap after GC invocations=15 (full 1):
 PSYoungGen      total 23552K, used 1510K [0x00000000d5580000, 0x00000000d7100000, 0x0000000100000000)
  eden space 22016K, 0% used [0x00000000d5580000,0x00000000d5580000,0x00000000d6b00000)
  from space 1536K, 98% used [0x00000000d6f00000,0x00000000d7079b78,0x00000000d7080000)
  to   space 3072K, 0% used [0x00000000d6b00000,0x00000000d6b00000,0x00000000d6e00000)
 ParOldGen       total 68608K, used 20525K [0x0000000080000000, 0x0000000084300000, 0x00000000d5580000)
  object space 68608K, 29% used [0x0000000080000000,0x000000008140b6f8,0x0000000084300000)
 Metaspace       used 34614K, committed 35840K, reserved 1114112K
  class space    used 3563K, committed 4096K, reserved 1048576K
}
Event: 20.513 GC heap before
{Heap before GC invocations=16 (full 1):
 PSYoungGen      total 23552K, used 2888K [0x00000000d5580000, 0x00000000d7100000, 0x0000000100000000)
  eden space 22016K, 6% used [0x00000000d5580000,0x00000000d56d8750,0x00000000d6b00000)
  from space 1536K, 98% used [0x00000000d6f00000,0x00000000d7079b78,0x00000000d7080000)
  to   space 3072K, 0% used [0x00000000d6b00000,0x00000000d6b00000,0x00000000d6e00000)
 ParOldGen       total 68608K, used 20525K [0x0000000080000000, 0x0000000084300000, 0x00000000d5580000)
  object space 68608K, 29% used [0x0000000080000000,0x000000008140b6f8,0x0000000084300000)
 Metaspace       used 34707K, committed 35840K, reserved 1114112K
  class space    used 3580K, committed 4096K, reserved 1048576K
}
Event: 20.515 GC heap after
{Heap after GC invocations=16 (full 1):
 PSYoungGen      total 25088K, used 256K [0x00000000d5580000, 0x00000000d6f80000, 0x0000000100000000)
  eden space 22016K, 0% used [0x00000000d5580000,0x00000000d5580000,0x00000000d6b00000)
  from space 3072K, 8% used [0x00000000d6b00000,0x00000000d6b40000,0x00000000d6e00000)
  to   space 1536K, 0% used [0x00000000d6e00000,0x00000000d6e00000,0x00000000d6f80000)
 ParOldGen       total 68608K, used 21908K [0x0000000080000000, 0x0000000084300000, 0x00000000d5580000)
  object space 68608K, 31% used [0x0000000080000000,0x00000000815651e8,0x0000000084300000)
 Metaspace       used 34707K, committed 35840K, reserved 1114112K
  class space    used 3580K, committed 4096K, reserved 1048576K
}
Event: 20.515 GC heap before
{Heap before GC invocations=17 (full 2):
 PSYoungGen      total 25088K, used 256K [0x00000000d5580000, 0x00000000d6f80000, 0x0000000100000000)
  eden space 22016K, 0% used [0x00000000d5580000,0x00000000d5580000,0x00000000d6b00000)
  from space 3072K, 8% used [0x00000000d6b00000,0x00000000d6b40000,0x00000000d6e00000)
  to   space 1536K, 0% used [0x00000000d6e00000,0x00000000d6e00000,0x00000000d6f80000)
 ParOldGen       total 68608K, used 21908K [0x0000000080000000, 0x0000000084300000, 0x00000000d5580000)
  object space 68608K, 31% used [0x0000000080000000,0x00000000815651e8,0x0000000084300000)
 Metaspace       used 34707K, committed 35840K, reserved 1114112K
  class space    used 3580K, committed 4096K, reserved 1048576K
}
Event: 20.575 GC heap after
{Heap after GC invocations=17 (full 2):
 PSYoungGen      total 25088K, used 0K [0x00000000d5580000, 0x00000000d6f80000, 0x0000000100000000)
  eden space 22016K, 0% used [0x00000000d5580000,0x00000000d5580000,0x00000000d6b00000)
  from space 3072K, 0% used [0x00000000d6b00000,0x00000000d6b00000,0x00000000d6e00000)
  to   space 1536K, 0% used [0x00000000d6e00000,0x00000000d6e00000,0x00000000d6f80000)
 ParOldGen       total 68608K, used 21098K [0x0000000080000000, 0x0000000084300000, 0x00000000d5580000)
  object space 68608K, 30% used [0x0000000080000000,0x000000008149ab38,0x0000000084300000)
 Metaspace       used 34693K, committed 35840K, reserved 1114112K
  class space    used 3576K, committed 4096K, reserved 1048576K
}
Event: 20.951 GC heap before
{Heap before GC invocations=18 (full 2):
 PSYoungGen      total 25088K, used 22016K [0x00000000d5580000, 0x00000000d6f80000, 0x0000000100000000)
  eden space 22016K, 100% used [0x00000000d5580000,0x00000000d6b00000,0x00000000d6b00000)
  from space 3072K, 0% used [0x00000000d6b00000,0x00000000d6b00000,0x00000000d6e00000)
  to   space 1536K, 0% used [0x00000000d6e00000,0x00000000d6e00000,0x00000000d6f80000)
 ParOldGen       total 68608K, used 21098K [0x0000000080000000, 0x0000000084300000, 0x00000000d5580000)
  object space 68608K, 30% used [0x0000000080000000,0x000000008149ab38,0x0000000084300000)
 Metaspace       used 36688K, committed 37760K, reserved 1114112K
  class space    used 3827K, committed 4288K, reserved 1048576K
}
Event: 20.953 GC heap after
{Heap after GC invocations=18 (full 2):
 PSYoungGen      total 23552K, used 1526K [0x00000000d5580000, 0x00000000d7000000, 0x0000000100000000)
  eden space 22016K, 0% used [0x00000000d5580000,0x00000000d5580000,0x00000000d6b00000)
  from space 1536K, 99% used [0x00000000d6e00000,0x00000000d6f7db60,0x00000000d6f80000)
  to   space 2560K, 0% used [0x00000000d6b00000,0x00000000d6b00000,0x00000000d6d80000)
 ParOldGen       total 68608K, used 21658K [0x0000000080000000, 0x0000000084300000, 0x00000000d5580000)
  object space 68608K, 31% used [0x0000000080000000,0x0000000081526b58,0x0000000084300000)
 Metaspace       used 36688K, committed 37760K, reserved 1114112K
  class space    used 3827K, committed 4288K, reserved 1048576K
}
Event: 21.361 GC heap before
{Heap before GC invocations=19 (full 2):
 PSYoungGen      total 23552K, used 23542K [0x00000000d5580000, 0x00000000d7000000, 0x0000000100000000)
  eden space 22016K, 100% used [0x00000000d5580000,0x00000000d6b00000,0x00000000d6b00000)
  from space 1536K, 99% used [0x00000000d6e00000,0x00000000d6f7db60,0x00000000d6f80000)
  to   space 2560K, 0% used [0x00000000d6b00000,0x00000000d6b00000,0x00000000d6d80000)
 ParOldGen       total 68608K, used 21658K [0x0000000080000000, 0x0000000084300000, 0x00000000d5580000)
  object space 68608K, 31% used [0x0000000080000000,0x0000000081526b58,0x0000000084300000)
 Metaspace       used 38013K, committed 39168K, reserved 1114112K
  class space    used 4000K, committed 4480K, reserved 1048576K
}
Event: 21.364 GC heap after
{Heap after GC invocations=19 (full 2):
 PSYoungGen      total 23552K, used 1265K [0x00000000d5580000, 0x00000000d6f00000, 0x0000000100000000)
  eden space 22016K, 0% used [0x00000000d5580000,0x00000000d5580000,0x00000000d6b00000)
  from space 1536K, 82% used [0x00000000d6b00000,0x00000000d6c3c548,0x00000000d6c80000)
  to   space 2048K, 0% used [0x00000000d6d00000,0x00000000d6d00000,0x00000000d6f00000)
 ParOldGen       total 68608K, used 23008K [0x0000000080000000, 0x0000000084300000, 0x00000000d5580000)
  object space 68608K, 33% used [0x0000000080000000,0x0000000081678250,0x0000000084300000)
 Metaspace       used 38013K, committed 39168K, reserved 1114112K
  class space    used 4000K, committed 4480K, reserved 1048576K
}
Event: 21.861 GC heap before
{Heap before GC invocations=20 (full 2):
 PSYoungGen      total 23552K, used 23281K [0x00000000d5580000, 0x00000000d6f00000, 0x0000000100000000)
  eden space 22016K, 100% used [0x00000000d5580000,0x00000000d6b00000,0x00000000d6b00000)
  from space 1536K, 82% used [0x00000000d6b00000,0x00000000d6c3c548,0x00000000d6c80000)
  to   space 2048K, 0% used [0x00000000d6d00000,0x00000000d6d00000,0x00000000d6f00000)
 ParOldGen       total 68608K, used 23008K [0x0000000080000000, 0x0000000084300000, 0x00000000d5580000)
  object space 68608K, 33% used [0x0000000080000000,0x0000000081678250,0x0000000084300000)
 Metaspace       used 39617K, committed 40832K, reserved 1114112K
  class space    used 4173K, committed 4736K, reserved 1048576K
}
Event: 21.864 GC heap after
{Heap after GC invocations=20 (full 2):
 PSYoungGen      total 23040K, used 1016K [0x00000000d5580000, 0x00000000d6e00000, 0x0000000100000000)
  eden space 22016K, 0% used [0x00000000d5580000,0x00000000d5580000,0x00000000d6b00000)
  from space 1024K, 99% used [0x00000000d6d00000,0x00000000d6dfe388,0x00000000d6e00000)
  to   space 1536K, 0% used [0x00000000d6b00000,0x00000000d6b00000,0x00000000d6c80000)
 ParOldGen       total 68608K, used 23648K [0x0000000080000000, 0x0000000084300000, 0x00000000d5580000)
  object space 68608K, 34% used [0x0000000080000000,0x0000000081718250,0x0000000084300000)
 Metaspace       used 39617K, committed 40832K, reserved 1114112K
  class space    used 4173K, committed 4736K, reserved 1048576K
}
Event: 22.663 GC heap before
{Heap before GC invocations=21 (full 2):
 PSYoungGen      total 23040K, used 23032K [0x00000000d5580000, 0x00000000d6e00000, 0x0000000100000000)
  eden space 22016K, 100% used [0x00000000d5580000,0x00000000d6b00000,0x00000000d6b00000)
  from space 1024K, 99% used [0x00000000d6d00000,0x00000000d6dfe388,0x00000000d6e00000)
  to   space 1536K, 0% used [0x00000000d6b00000,0x00000000d6b00000,0x00000000d6c80000)
 ParOldGen       total 68608K, used 23648K [0x0000000080000000, 0x0000000084300000, 0x00000000d5580000)
  object space 68608K, 34% used [0x0000000080000000,0x0000000081718250,0x0000000084300000)
 Metaspace       used 42009K, committed 43200K, reserved 1114112K
  class space    used 4488K, committed 4992K, reserved 1048576K
}
Event: 22.669 GC heap after
{Heap after GC invocations=21 (full 2):
 PSYoungGen      total 23552K, used 1472K [0x00000000d5580000, 0x00000000d6f00000, 0x0000000100000000)
  eden space 22016K, 0% used [0x00000000d5580000,0x00000000d5580000,0x00000000d6b00000)
  from space 1536K, 95% used [0x00000000d6b00000,0x00000000d6c70000,0x00000000d6c80000)
  to   space 2048K, 0% used [0x00000000d6d00000,0x00000000d6d00000,0x00000000d6f00000)
 ParOldGen       total 68608K, used 24352K [0x0000000080000000, 0x0000000084300000, 0x00000000d5580000)
  object space 68608K, 35% used [0x0000000080000000,0x00000000817c8260,0x0000000084300000)
 Metaspace       used 42009K, committed 43200K, reserved 1114112K
  class space    used 4488K, committed 4992K, reserved 1048576K
}

