# JRE version: OpenJDK Runtime Environment Temurin-21.0.10+7 (21.0.10+7) (build 21.0.10+7-LTS)
# Java VM: OpenJDK 64-Bit Server VM Temurin-21.0.10+7 (21.0.10+7-LTS, mixed mode, sharing, tiered, compressed oops, compressed class ptrs, parallel gc, windows-amd64)
GC Precious Log:
 CardTable entry size: 512
 CPUs: 8 total, 8 available
 Memory: 7418M
 Large Page Support: Disabled
 NUMA Support: Disabled
 Compressed Oops: Enabled (32-bit)
 Alignments: Space 512K, Generation 512K, Heap 2M
 Heap Min Capacity: 100M
 Heap Initial Capacity: 100M
 Heap Max Capacity: 2G
 Pre-touch: Disabled
 Parallel Workers: 8
Heap:
 PSYoungGen      total 2560K, used 429K [0x00000000d5580000, 0x00000000d5a00000, 0x0000000100000000)
  eden space 2048K, 14% used [0x00000000d5580000,0x00000000d55cb4b0,0x00000000d5780000)
  from space 512K, 25% used [0x00000000d5980000,0x00000000d59a0000,0x00000000d5a00000)
  to   space 512K, 0% used [0x00000000d5900000,0x00000000d5900000,0x00000000d5980000)
 ParOldGen       total 192512K, used 180568K [0x0000000080000000, 0x000000008bc00000, 0x00000000d5580000)
  object space 192512K, 93% used [0x0000000080000000,0x000000008b0560d8,0x000000008bc00000)
 Metaspace       used 105586K, committed 107712K, reserved 1179648K
  class space    used 14032K, committed 14976K, reserved 1048576K
GC Heap History (20 events):
Event: 3324.686 GC heap before
{Heap before GC invocations=1013 (full 4):
 PSYoungGen      total 2560K, used 2304K [0x00000000d5580000, 0x00000000d5a00000, 0x0000000100000000)
  eden space 2048K, 100% used [0x00000000d5580000,0x00000000d5780000,0x00000000d5780000)
  from space 512K, 50% used [0x00000000d5980000,0x00000000d59c0000,0x00000000d5a00000)
  to   space 512K, 0% used [0x00000000d5900000,0x00000000d5900000,0x00000000d5980000)
 ParOldGen       total 192512K, used 180080K [0x0000000080000000, 0x000000008bc00000, 0x00000000d5580000)
  object space 192512K, 93% used [0x0000000080000000,0x000000008afdc0d8,0x000000008bc00000)
 Metaspace       used 105577K, committed 107712K, reserved 1179648K
  class space    used 14032K, committed 14976K, reserved 1048576K
}
Event: 3324.688 GC heap after
{Heap after GC invocations=1013 (full 4):
 PSYoungGen      total 2560K, used 160K [0x00000000d5580000, 0x00000000d5a00000, 0x0000000100000000)
  eden space 2048K, 0% used [0x00000000d5580000,0x00000000d5580000,0x00000000d5780000)
  from space 512K, 31% used [0x00000000d5900000,0x00000000d5928000,0x00000000d5980000)
  to   space 512K, 0% used [0x00000000d5980000,0x00000000d5980000,0x00000000d5a00000)
 ParOldGen       total 192512K, used 180136K [0x0000000080000000, 0x000000008bc00000, 0x00000000d5580000)
  object space 192512K, 93% used [0x0000000080000000,0x000000008afea0d8,0x000000008bc00000)
 Metaspace       used 105577K, committed 107712K, reserved 1179648K
  class space    used 14032K, committed 14976K, reserved 1048576K
}
Event: 3324.811 GC heap before
{Heap before GC invocations=1014 (full 4):
 PSYoungGen      total 2560K, used 2208K [0x00000000d5580000, 0x00000000d5a00000, 0x0000000100000000)
  eden space 2048K, 100% used [0x00000000d5580000,0x00000000d5780000,0x00000000d5780000)
  from space 512K, 31% used [0x00000000d5900000,0x00000000d5928000,0x00000000d5980000)
  to   space 512K, 0% used [0x00000000d5980000,0x00000000d5980000,0x00000000d5a00000)
 ParOldGen       total 192512K, used 180136K [0x0000000080000000, 0x000000008bc00000, 0x00000000d5580000)
  object space 192512K, 93% used [0x0000000080000000,0x000000008afea0d8,0x000000008bc00000)
 Metaspace       used 105580K, committed 107712K, reserved 1179648K
  class space    used 14032K, committed 14976K, reserved 1048576K
}
Event: 3324.812 GC heap after
{Heap after GC invocations=1014 (full 4):
 PSYoungGen      total 2560K, used 160K [0x00000000d5580000, 0x00000000d5a00000, 0x0000000100000000)
  eden space 2048K, 0% used [0x00000000d5580000,0x00000000d5580000,0x00000000d5780000)
  from space 512K, 31% used [0x00000000d5980000,0x00000000d59a8000,0x00000000d5a00000)
  to   space 512K, 0% used [0x00000000d5900000,0x00000000d5900000,0x00000000d5980000)
 ParOldGen       total 192512K, used 180168K [0x0000000080000000, 0x000000008bc00000, 0x00000000d5580000)
  object space 192512K, 93% used [0x0000000080000000,0x000000008aff20d8,0x000000008bc00000)
 Metaspace       used 105580K, committed 107712K, reserved 1179648K
  class space    used 14032K, committed 14976K, reserved 1048576K
}
Event: 3325.344 GC heap before
{Heap before GC invocations=1015 (full 4):
 PSYoungGen      total 2560K, used 2208K [0x00000000d5580000, 0x00000000d5a00000, 0x0000000100000000)
  eden space 2048K, 100% used [0x00000000d5580000,0x00000000d5780000,0x00000000d5780000)
  from space 512K, 31% used [0x00000000d5980000,0x00000000d59a8000,0x00000000d5a00000)
  to   space 512K, 0% used [0x00000000d5900000,0x00000000d5900000,0x00000000d5980000)
 ParOldGen       total 192512K, used 180168K [0x0000000080000000, 0x000000008bc00000, 0x00000000d5580000)
  object space 192512K, 93% used [0x0000000080000000,0x000000008aff20d8,0x000000008bc00000)
 Metaspace       used 105584K, committed 107712K, reserved 1179648K
  class space    used 14032K, committed 14976K, reserved 1048576K
}
Event: 3325.345 GC heap after
{Heap after GC invocations=1015 (full 4):
 PSYoungGen      total 2560K, used 192K [0x00000000d5580000, 0x00000000d5a00000, 0x0000000100000000)
  eden space 2048K, 0% used [0x00000000d5580000,0x00000000d5580000,0x00000000d5780000)
  from space 512K, 37% used [0x00000000d5900000,0x00000000d5930000,0x00000000d5980000)
  to   space 512K, 0% used [0x00000000d5980000,0x00000000d5980000,0x00000000d5a00000)
 ParOldGen       total 192512K, used 180216K [0x0000000080000000, 0x000000008bc00000, 0x00000000d5580000)
  object space 192512K, 93% used [0x0000000080000000,0x000000008affe0d8,0x000000008bc00000)
 Metaspace       used 105584K, committed 107712K, reserved 1179648K
  class space    used 14032K, committed 14976K, reserved 1048576K
}
Event: 3331.062 GC heap before
{Heap before GC invocations=1016 (full 4):
 PSYoungGen      total 2560K, used 2240K [0x00000000d5580000, 0x00000000d5a00000, 0x0000000100000000)
  eden space 2048K, 100% used [0x00000000d5580000,0x00000000d5780000,0x00000000d5780000)
  from space 512K, 37% used [0x00000000d5900000,0x00000000d5930000,0x00000000d5980000)
  to   space 512K, 0% used [0x00000000d5980000,0x00000000d5980000,0x00000000d5a00000)
 ParOldGen       total 192512K, used 180216K [0x0000000080000000, 0x000000008bc00000, 0x00000000d5580000)
  object space 192512K, 93% used [0x0000000080000000,0x000000008affe0d8,0x000000008bc00000)
 Metaspace       used 105584K, committed 107712K, reserved 1179648K
  class space    used 14032K, committed 14976K, reserved 1048576K
}
Event: 3331.063 GC heap after
{Heap after GC invocations=1016 (full 4):
 PSYoungGen      total 2560K, used 224K [0x00000000d5580000, 0x00000000d5a00000, 0x0000000100000000)
  eden space 2048K, 0% used [0x00000000d5580000,0x00000000d5580000,0x00000000d5780000)
  from space 512K, 43% used [0x00000000d5980000,0x00000000d59b8000,0x00000000d5a00000)
  to   space 512K, 0% used [0x00000000d5900000,0x00000000d5900000,0x00000000d5980000)
 ParOldGen       total 192512K, used 180272K [0x0000000080000000, 0x000000008bc00000, 0x00000000d5580000)
  object space 192512K, 93% used [0x0000000080000000,0x000000008b00c0d8,0x000000008bc00000)
 Metaspace       used 105584K, committed 107712K, reserved 1179648K
  class space    used 14032K, committed 14976K, reserved 1048576K
}
Event: 3331.190 GC heap before
{Heap before GC invocations=1017 (full 4):
 PSYoungGen      total 2560K, used 2272K [0x00000000d5580000, 0x00000000d5a00000, 0x0000000100000000)
  eden space 2048K, 100% used [0x00000000d5580000,0x00000000d5780000,0x00000000d5780000)
  from space 512K, 43% used [0x00000000d5980000,0x00000000d59b8000,0x00000000d5a00000)
  to   space 512K, 0% used [0x00000000d5900000,0x00000000d5900000,0x00000000d5980000)
 ParOldGen       total 192512K, used 180272K [0x0000000080000000, 0x000000008bc00000, 0x00000000d5580000)
  object space 192512K, 93% used [0x0000000080000000,0x000000008b00c0d8,0x000000008bc00000)
 Metaspace       used 105584K, committed 107712K, reserved 1179648K
  class space    used 14032K, committed 14976K, reserved 1048576K
}
Event: 3331.191 GC heap after
{Heap after GC invocations=1017 (full 4):
 PSYoungGen      total 2560K, used 192K [0x00000000d5580000, 0x00000000d5a00000, 0x0000000100000000)
  eden space 2048K, 0% used [0x00000000d5580000,0x00000000d5580000,0x00000000d5780000)
  from space 512K, 37% used [0x00000000d5900000,0x00000000d5930000,0x00000000d5980000)
  to   space 512K, 0% used [0x00000000d5980000,0x00000000d5980000,0x00000000d5a00000)
 ParOldGen       total 192512K, used 180328K [0x0000000080000000, 0x000000008bc00000, 0x00000000d5580000)
  object space 192512K, 93% used [0x0000000080000000,0x000000008b01a0d8,0x000000008bc00000)
 Metaspace       used 105584K, committed 107712K, reserved 1179648K
  class space    used 14032K, committed 14976K, reserved 1048576K
}
Event: 3333.702 GC heap before
{Heap before GC invocations=1018 (full 4):
 PSYoungGen      total 2560K, used 2240K [0x00000000d5580000, 0x00000000d5a00000, 0x0000000100000000)
  eden space 2048K, 100% used [0x00000000d5580000,0x00000000d5780000,0x00000000d5780000)
  from space 512K, 37% used [0x00000000d5900000,0x00000000d5930000,0x00000000d5980000)
  to   space 512K, 0% used [0x00000000d5980000,0x00000000d5980000,0x00000000d5a00000)
 ParOldGen       total 192512K, used 180328K [0x0000000080000000, 0x000000008bc00000, 0x00000000d5580000)
  object space 192512K, 93% used [0x0000000080000000,0x000000008b01a0d8,0x000000008bc00000)
 Metaspace       used 105584K, committed 107712K, reserved 1179648K
  class space    used 14032K, committed 14976K, reserved 1048576K
}
Event: 3333.704 GC heap after
{Heap after GC invocations=1018 (full 4):
 PSYoungGen      total 2560K, used 224K [0x00000000d5580000, 0x00000000d5a00000, 0x0000000100000000)
  eden space 2048K, 0% used [0x00000000d5580000,0x00000000d5580000,0x00000000d5780000)
  from space 512K, 43% used [0x00000000d5980000,0x00000000d59b8000,0x00000000d5a00000)
  to   space 512K, 0% used [0x00000000d5900000,0x00000000d5900000,0x00000000d5980000)
 ParOldGen       total 192512K, used 180384K [0x0000000080000000, 0x000000008bc00000, 0x00000000d5580000)
  object space 192512K, 93% used [0x0000000080000000,0x000000008b0280d8,0x000000008bc00000)
 Metaspace       used 105584K, committed 107712K, reserved 1179648K
  class space    used 14032K, committed 14976K, reserved 1048576K
}
Event: 3335.157 GC heap before
{Heap before GC invocations=1019 (full 4):
 PSYoungGen      total 2560K, used 2272K [0x00000000d5580000, 0x00000000d5a00000, 0x0000000100000000)
  eden space 2048K, 100% used [0x00000000d5580000,0x00000000d5780000,0x00000000d5780000)
  from space 512K, 43% used [0x00000000d5980000,0x00000000d59b8000,0x00000000d5a00000)
  to   space 512K, 0% used [0x00000000d5900000,0x00000000d5900000,0x00000000d5980000)
 ParOldGen       total 192512K, used 180384K [0x0000000080000000, 0x000000008bc00000, 0x00000000d5580000)
  object space 192512K, 93% used [0x0000000080000000,0x000000008b0280d8,0x000000008bc00000)
 Metaspace       used 105584K, committed 107712K, reserved 1179648K
  class space    used 14032K, committed 14976K, reserved 1048576K
}
Event: 3335.159 GC heap after
{Heap after GC invocations=1019 (full 4):
 PSYoungGen      total 2560K, used 192K [0x00000000d5580000, 0x00000000d5a00000, 0x0000000100000000)
  eden space 2048K, 0% used [0x00000000d5580000,0x00000000d5580000,0x00000000d5780000)
  from space 512K, 37% used [0x00000000d5900000,0x00000000d5930000,0x00000000d5980000)
  to   space 512K, 0% used [0x00000000d5980000,0x00000000d5980000,0x00000000d5a00000)
 ParOldGen       total 192512K, used 180416K [0x0000000080000000, 0x000000008bc00000, 0x00000000d5580000)
  object space 192512K, 93% used [0x0000000080000000,0x000000008b0300d8,0x000000008bc00000)
 Metaspace       used 105584K, committed 107712K, reserved 1179648K
  class space    used 14032K, committed 14976K, reserved 1048576K
}
Event: 3335.288 GC heap before
{Heap before GC invocations=1020 (full 4):
 PSYoungGen      total 2560K, used 2239K [0x00000000d5580000, 0x00000000d5a00000, 0x0000000100000000)
  eden space 2048K, 99% used [0x00000000d5580000,0x00000000d577fff0,0x00000000d5780000)
  from space 512K, 37% used [0x00000000d5900000,0x00000000d5930000,0x00000000d5980000)
  to   space 512K, 0% used [0x00000000d5980000,0x00000000d5980000,0x00000000d5a00000)
 ParOldGen       total 192512K, used 180416K [0x0000000080000000, 0x000000008bc00000, 0x00000000d5580000)
  object space 192512K, 93% used [0x0000000080000000,0x000000008b0300d8,0x000000008bc00000)
 Metaspace       used 105584K, committed 107712K, reserved 1179648K
  class space    used 14032K, committed 14976K, reserved 1048576K
}
Event: 3335.289 GC heap after
{Heap after GC invocations=1020 (full 4):
 PSYoungGen      total 2560K, used 192K [0x00000000d5580000, 0x00000000d5a00000, 0x0000000100000000)
  eden space 2048K, 0% used [0x00000000d5580000,0x00000000d5580000,0x00000000d5780000)
  from space 512K, 37% used [0x00000000d5980000,0x00000000d59b0000,0x00000000d5a00000)
  to   space 512K, 0% used [0x00000000d5900000,0x00000000d5900000,0x00000000d5980000)
 ParOldGen       total 192512K, used 180456K [0x0000000080000000, 0x000000008bc00000, 0x00000000d5580000)
  object space 192512K, 93% used [0x0000000080000000,0x000000008b03a0d8,0x000000008bc00000)
 Metaspace       used 105584K, committed 107712K, reserved 1179648K
  class space    used 14032K, committed 14976K, reserved 1048576K
}
Event: 3341.100 GC heap before
{Heap before GC invocations=1021 (full 4):
 PSYoungGen      total 2560K, used 2240K [0x00000000d5580000, 0x00000000d5a00000, 0x0000000100000000)
  eden space 2048K, 100% used [0x00000000d5580000,0x00000000d5780000,0x00000000d5780000)
  from space 512K, 37% used [0x00000000d5980000,0x00000000d59b0000,0x00000000d5a00000)
  to   space 512K, 0% used [0x00000000d5900000,0x00000000d5900000,0x00000000d5980000)
 ParOldGen       total 192512K, used 180456K [0x0000000080000000, 0x000000008bc00000, 0x00000000d5580000)
  object space 192512K, 93% used [0x0000000080000000,0x000000008b03a0d8,0x000000008bc00000)
 Metaspace       used 105585K, committed 107712K, reserved 1179648K
  class space    used 14032K, committed 14976K, reserved 1048576K
}
Event: 3341.101 GC heap after
{Heap after GC invocations=1021 (full 4):
 PSYoungGen      total 2560K, used 256K [0x00000000d5580000, 0x00000000d5a00000, 0x0000000100000000)
  eden space 2048K, 0% used [0x00000000d5580000,0x00000000d5580000,0x00000000d5780000)
  from space 512K, 50% used [0x00000000d5900000,0x00000000d5940000,0x00000000d5980000)
  to   space 512K, 0% used [0x00000000d5980000,0x00000000d5980000,0x00000000d5a00000)
 ParOldGen       total 192512K, used 180520K [0x0000000080000000, 0x000000008bc00000, 0x00000000d5580000)
  object space 192512K, 93% used [0x0000000080000000,0x000000008b04a0d8,0x000000008bc00000)
 Metaspace       used 105585K, committed 107712K, reserved 1179648K
  class space    used 14032K, committed 14976K, reserved 1048576K
}
Event: 3341.215 GC heap before
{Heap before GC invocations=1022 (full 4):
 PSYoungGen      total 2560K, used 2304K [0x00000000d5580000, 0x00000000d5a00000, 0x0000000100000000)
  eden space 2048K, 100% used [0x00000000d5580000,0x00000000d5780000,0x00000000d5780000)
  from space 512K, 50% used [0x00000000d5900000,0x00000000d5940000,0x00000000d5980000)
  to   space 512K, 0% used [0x00000000d5980000,0x00000000d5980000,0x00000000d5a00000)
 ParOldGen       total 192512K, used 180520K [0x0000000080000000, 0x000000008bc00000, 0x00000000d5580000)
  object space 192512K, 93% used [0x0000000080000000,0x000000008b04a0d8,0x000000008bc00000)
 Metaspace       used 105585K, committed 107712K, reserved 1179648K
  class space    used 14032K, committed 14976K, reserved 1048576K
}
Event: 3341.217 GC heap after
{Heap after GC invocations=1022 (full 4):
 PSYoungGen      total 2560K, used 128K [0x00000000d5580000, 0x00000000d5a00000, 0x0000000100000000)
  eden space 2048K, 0% used [0x00000000d5580000,0x00000000d5580000,0x00000000d5780000)
  from space 512K, 25% used [0x00000000d5980000,0x00000000d59a0000,0x00000000d5a00000)
  to   space 512K, 0% used [0x00000000d5900000,0x00000000d5900000,0x00000000d5980000)
 ParOldGen       total 192512K, used 180568K [0x0000000080000000, 0x000000008bc00000, 0x00000000d5580000)
  object space 192512K, 93% used [0x0000000080000000,0x000000008b0560d8,0x000000008bc00000)
 Metaspace       used 105585K, committed 107712K, reserved 1179648K
  class space    used 14032K, committed 14976K, reserved 1048576K
}

