# JRE version: OpenJDK Runtime Environment Temurin-21.0.11+10 (21.0.11+10) (build 21.0.11+10-LTS)
# Java VM: OpenJDK 64-Bit Server VM Temurin-21.0.11+10 (21.0.11+10-LTS, mixed mode, sharing, tiered, compressed oops, compressed class ptrs, g1 gc, windows-amd64)
GC Precious Log:
 CardTable entry size: 512
 Card Set container configuration: InlinePtr #cards 4 size 8 Array Of Cards #cards 16 size 48 Howl #buckets 8 coarsen threshold 3686 Howl Bitmap #cards 512 size 80 coarsen threshold 460 Card regions per heap region 1 cards per card region 4096
 CPUs: 8 total, 8 available
 Memory: 7418M
 Large Page Support: Disabled
 NUMA Support: Disabled
 Compressed Oops: Enabled (Zero based)
 Heap Region Size: 2M
 Heap Min Capacity: 8M
 Heap Initial Capacity: 116M
 Heap Max Capacity: 4G
 Pre-touch: Disabled
 Parallel Workers: 8
 Concurrent Workers: 2
 Concurrent Refinement Workers: 8
 Periodic GC: Disabled
Heap:
 garbage-first heap   total 294912K, used 215203K [0x0000000700000000, 0x0000000800000000)
  region size 2048K, 24 young (49152K), 3 survivors (6144K)
 Metaspace       used 113688K, committed 116480K, reserved 557056K
  class space    used 16098K, committed 17472K, reserved 425984K
GC Heap History (20 events):
Event: 52.588 GC heap before
{Heap before GC invocations=46 (full 0):
 garbage-first heap   total 198656K, used 177513K [0x0000000700000000, 0x0000000800000000)
  region size 2048K, 31 young (63488K), 2 survivors (4096K)
 Metaspace       used 99290K, committed 101696K, reserved 557056K
  class space    used 13874K, committed 15040K, reserved 425984K
}
Event: 52.598 GC heap after
{Heap after GC invocations=47 (full 0):
 garbage-first heap   total 239616K, used 120567K [0x0000000700000000, 0x0000000800000000)
  region size 2048K, 4 young (8192K), 4 survivors (8192K)
 Metaspace       used 99290K, committed 101696K, reserved 557056K
  class space    used 13874K, committed 15040K, reserved 425984K
}
Event: 54.637 GC heap before
{Heap before GC invocations=47 (full 0):
 garbage-first heap   total 239616K, used 206583K [0x0000000700000000, 0x0000000800000000)
  region size 2048K, 46 young (94208K), 4 survivors (8192K)
 Metaspace       used 104291K, committed 106752K, reserved 557056K
  class space    used 14647K, committed 15872K, reserved 425984K
}
Event: 54.644 GC heap after
{Heap after GC invocations=48 (full 0):
 garbage-first heap   total 239616K, used 124769K [0x0000000700000000, 0x0000000800000000)
  region size 2048K, 5 young (10240K), 5 survivors (10240K)
 Metaspace       used 104291K, committed 106752K, reserved 557056K
  class space    used 14647K, committed 15872K, reserved 425984K
}
Event: 57.150 GC heap before
{Heap before GC invocations=48 (full 0):
 garbage-first heap   total 239616K, used 210785K [0x0000000700000000, 0x0000000800000000)
  region size 2048K, 47 young (96256K), 5 survivors (10240K)
 Metaspace       used 109098K, committed 111680K, reserved 557056K
  class space    used 15415K, committed 16704K, reserved 425984K
}
Event: 57.161 GC heap after
{Heap after GC invocations=49 (full 0):
 garbage-first heap   total 239616K, used 130304K [0x0000000700000000, 0x0000000800000000)
  region size 2048K, 5 young (10240K), 5 survivors (10240K)
 Metaspace       used 109098K, committed 111680K, reserved 557056K
  class space    used 15415K, committed 16704K, reserved 425984K
}
Event: 59.853 GC heap before
{Heap before GC invocations=49 (full 0):
 garbage-first heap   total 239616K, used 216320K [0x0000000700000000, 0x0000000800000000)
  region size 2048K, 47 young (96256K), 5 survivors (10240K)
 Metaspace       used 111114K, committed 113728K, reserved 557056K
  class space    used 15682K, committed 16960K, reserved 425984K
}
Event: 59.865 GC heap after
{Heap after GC invocations=50 (full 0):
 garbage-first heap   total 239616K, used 139469K [0x0000000700000000, 0x0000000800000000)
  region size 2048K, 6 young (12288K), 6 survivors (12288K)
 Metaspace       used 111114K, committed 113728K, reserved 557056K
  class space    used 15682K, committed 16960K, reserved 425984K
}
Event: 63.969 GC heap before
{Heap before GC invocations=51 (full 0):
 garbage-first heap   total 239616K, used 213197K [0x0000000700000000, 0x0000000800000000)
  region size 2048K, 43 young (88064K), 6 survivors (12288K)
 Metaspace       used 112233K, committed 114944K, reserved 557056K
  class space    used 15925K, committed 17280K, reserved 425984K
}
Event: 63.984 GC heap after
{Heap after GC invocations=52 (full 0):
 garbage-first heap   total 239616K, used 148965K [0x0000000700000000, 0x0000000800000000)
  region size 2048K, 6 young (12288K), 6 survivors (12288K)
 Metaspace       used 112233K, committed 114944K, reserved 557056K
  class space    used 15925K, committed 17280K, reserved 425984K
}
Event: 64.928 GC heap before
{Heap before GC invocations=52 (full 0):
 garbage-first heap   total 239616K, used 218597K [0x0000000700000000, 0x0000000800000000)
  region size 2048K, 38 young (77824K), 6 survivors (12288K)
 Metaspace       used 112336K, committed 115072K, reserved 557056K
  class space    used 15935K, committed 17280K, reserved 425984K
}
Event: 64.939 GC heap after
{Heap after GC invocations=53 (full 0):
 garbage-first heap   total 243712K, used 158679K [0x0000000700000000, 0x0000000800000000)
  region size 2048K, 5 young (10240K), 5 survivors (10240K)
 Metaspace       used 112336K, committed 115072K, reserved 557056K
  class space    used 15935K, committed 17280K, reserved 425984K
}
Event: 68.804 GC heap before
{Heap before GC invocations=53 (full 0):
 garbage-first heap   total 243712K, used 220119K [0x0000000700000000, 0x0000000800000000)
  region size 2048K, 35 young (71680K), 5 survivors (10240K)
 Metaspace       used 112745K, committed 115520K, reserved 557056K
  class space    used 15976K, committed 17344K, reserved 425984K
}
Event: 68.816 GC heap after
{Heap after GC invocations=54 (full 0):
 garbage-first heap   total 243712K, used 165815K [0x0000000700000000, 0x0000000800000000)
  region size 2048K, 5 young (10240K), 5 survivors (10240K)
 Metaspace       used 112745K, committed 115520K, reserved 557056K
  class space    used 15976K, committed 17344K, reserved 425984K
}
Event: 71.207 GC heap before
{Heap before GC invocations=55 (full 0):
 garbage-first heap   total 280576K, used 219063K [0x0000000700000000, 0x0000000800000000)
  region size 2048K, 31 young (63488K), 5 survivors (10240K)
 Metaspace       used 113287K, committed 116032K, reserved 557056K
  class space    used 16051K, committed 17408K, reserved 425984K
}
Event: 71.216 GC heap after
{Heap after GC invocations=56 (full 0):
 garbage-first heap   total 280576K, used 170388K [0x0000000700000000, 0x0000000800000000)
  region size 2048K, 4 young (8192K), 4 survivors (8192K)
 Metaspace       used 113287K, committed 116032K, reserved 557056K
  class space    used 16051K, committed 17408K, reserved 425984K
}
Event: 77.508 GC heap before
{Heap before GC invocations=56 (full 0):
 garbage-first heap   total 280576K, used 246164K [0x0000000700000000, 0x0000000800000000)
  region size 2048K, 42 young (86016K), 4 survivors (8192K)
 Metaspace       used 113445K, committed 116160K, reserved 557056K
  class space    used 16061K, committed 17408K, reserved 425984K
}
Event: 78.195 GC heap after
{Heap after GC invocations=57 (full 0):
 garbage-first heap   total 280576K, used 173198K [0x0000000700000000, 0x0000000800000000)
  region size 2048K, 5 young (10240K), 5 survivors (10240K)
 Metaspace       used 113445K, committed 116160K, reserved 557056K
  class space    used 16061K, committed 17408K, reserved 425984K
}
Event: 78.461 GC heap before
{Heap before GC invocations=57 (full 0):
 garbage-first heap   total 280576K, used 246926K [0x0000000700000000, 0x0000000800000000)
  region size 2048K, 42 young (86016K), 5 survivors (10240K)
 Metaspace       used 113445K, committed 116160K, reserved 557056K
  class space    used 16061K, committed 17408K, reserved 425984K
}
Event: 79.454 GC heap after
{Heap after GC invocations=58 (full 0):
 garbage-first heap   total 280576K, used 174243K [0x0000000700000000, 0x0000000800000000)
  region size 2048K, 3 young (6144K), 3 survivors (6144K)
 Metaspace       used 113445K, committed 116160K, reserved 557056K
  class space    used 16061K, committed 17408K, reserved 425984K
}

