# JRE version: OpenJDK Runtime Environment OpenLogic-OpenJDK (17.0.14+7) (build 17.0.14+7-adhoc..jdk17u)
# Java VM: OpenJDK 64-Bit Server VM OpenLogic-OpenJDK (17.0.14+7-adhoc..jdk17u, mixed mode, sharing, tiered, compressed oops, compressed class ptrs, g1 gc, windows-amd64)
GC Precious Log:
 CPUs: 8 total, 8 available
 Memory: 7418M
 Large Page Support: Disabled
 NUMA Support: Disabled
 Compressed Oops: Enabled (Zero based)
 Heap Region Size: 2M
 Heap Min Capacity: 8M
 Heap Initial Capacity: 116M
 Heap Max Capacity: 4G
 Pre-touch: Disabled
 Parallel Workers: 8
 Concurrent Workers: 2
 Concurrent Refinement Workers: 8
 Periodic GC: Disabled
Heap:
 garbage-first heap   total 157696K, used 93743K [0x0000000700000000, 0x0000000800000000)
  region size 2048K, 3 young (6144K), 3 survivors (6144K)
 Metaspace       used 81572K, committed 82624K, reserved 557056K
  class space    used 11326K, committed 11840K, reserved 425984K
GC Heap History (20 events):
Event: 27.287 GC heap after
{Heap after GC invocations=33 (full 0):
 garbage-first heap   total 120832K, used 71572K [0x0000000700000000, 0x0000000800000000)
  region size 2048K, 2 young (4096K), 2 survivors (4096K)
 Metaspace       used 65641K, committed 66432K, reserved 491520K
  class space    used 9229K, committed 9600K, reserved 425984K
}
Event: 27.383 GC heap before
{Heap before GC invocations=33 (full 0):
 garbage-first heap   total 120832K, used 73620K [0x0000000700000000, 0x0000000800000000)
  region size 2048K, 3 young (6144K), 2 survivors (4096K)
 Metaspace       used 65743K, committed 66496K, reserved 491520K
  class space    used 9241K, committed 9600K, reserved 425984K
}
Event: 27.389 GC heap after
{Heap after GC invocations=34 (full 0):
 garbage-first heap   total 120832K, used 71194K [0x0000000700000000, 0x0000000800000000)
  region size 2048K, 1 young (2048K), 1 survivors (2048K)
 Metaspace       used 65743K, committed 66496K, reserved 491520K
  class space    used 9241K, committed 9600K, reserved 425984K
}
Event: 28.755 GC heap before
{Heap before GC invocations=34 (full 0):
 garbage-first heap   total 120832K, used 95770K [0x0000000700000000, 0x0000000800000000)
  region size 2048K, 13 young (26624K), 1 survivors (2048K)
 Metaspace       used 66939K, committed 67712K, reserved 491520K
  class space    used 9434K, committed 9792K, reserved 425984K
}
Event: 28.759 GC heap after
{Heap after GC invocations=35 (full 0):
 garbage-first heap   total 153600K, used 71692K [0x0000000700000000, 0x0000000800000000)
  region size 2048K, 1 young (2048K), 1 survivors (2048K)
 Metaspace       used 66939K, committed 67712K, reserved 491520K
  class space    used 9434K, committed 9792K, reserved 425984K
}
Event: 32.235 GC heap before
{Heap before GC invocations=36 (full 0):
 garbage-first heap   total 153600K, used 120844K [0x0000000700000000, 0x0000000800000000)
  region size 2048K, 25 young (51200K), 1 survivors (2048K)
 Metaspace       used 68448K, committed 69312K, reserved 491520K
  class space    used 9632K, committed 10048K, reserved 425984K
}
Event: 32.242 GC heap after
{Heap after GC invocations=37 (full 0):
 garbage-first heap   total 153600K, used 76167K [0x0000000700000000, 0x0000000800000000)
  region size 2048K, 3 young (6144K), 3 survivors (6144K)
 Metaspace       used 68448K, committed 69312K, reserved 491520K
  class space    used 9632K, committed 10048K, reserved 425984K
}
Event: 32.414 GC heap before
{Heap before GC invocations=37 (full 0):
 garbage-first heap   total 153600K, used 78215K [0x0000000700000000, 0x0000000800000000)
  region size 2048K, 4 young (8192K), 3 survivors (6144K)
 Metaspace       used 68449K, committed 69312K, reserved 491520K
  class space    used 9632K, committed 10048K, reserved 425984K
}
Event: 32.421 GC heap after
{Heap after GC invocations=38 (full 0):
 garbage-first heap   total 153600K, used 75547K [0x0000000700000000, 0x0000000800000000)
  region size 2048K, 1 young (2048K), 1 survivors (2048K)
 Metaspace       used 68449K, committed 69312K, reserved 491520K
  class space    used 9632K, committed 10048K, reserved 425984K
}
Event: 35.251 GC heap before
{Heap before GC invocations=38 (full 0):
 garbage-first heap   total 153600K, used 120603K [0x0000000700000000, 0x0000000800000000)
  region size 2048K, 23 young (47104K), 1 survivors (2048K)
 Metaspace       used 70719K, committed 71552K, reserved 491520K
  class space    used 9957K, committed 10368K, reserved 425984K
}
Event: 35.257 GC heap after
{Heap after GC invocations=39 (full 0):
 garbage-first heap   total 153600K, used 79363K [0x0000000700000000, 0x0000000800000000)
  region size 2048K, 3 young (6144K), 3 survivors (6144K)
 Metaspace       used 70719K, committed 71552K, reserved 491520K
  class space    used 9957K, committed 10368K, reserved 425984K
}
Event: 38.335 GC heap before
{Heap before GC invocations=39 (full 0):
 garbage-first heap   total 153600K, used 120323K [0x0000000700000000, 0x0000000800000000)
  region size 2048K, 23 young (47104K), 3 survivors (6144K)
 Metaspace       used 74052K, committed 74944K, reserved 491520K
  class space    used 10494K, committed 10944K, reserved 425984K
}
Event: 38.347 GC heap after
{Heap after GC invocations=40 (full 0):
 garbage-first heap   total 153600K, used 82535K [0x0000000700000000, 0x0000000800000000)
  region size 2048K, 2 young (4096K), 2 survivors (4096K)
 Metaspace       used 74052K, committed 74944K, reserved 491520K
  class space    used 10494K, committed 10944K, reserved 425984K
}
Event: 40.702 GC heap before
{Heap before GC invocations=40 (full 0):
 garbage-first heap   total 153600K, used 121447K [0x0000000700000000, 0x0000000800000000)
  region size 2048K, 22 young (45056K), 2 survivors (4096K)
 Metaspace       used 77657K, committed 78592K, reserved 557056K
  class space    used 10868K, committed 11328K, reserved 425984K
}
Event: 40.711 GC heap after
{Heap after GC invocations=41 (full 0):
 garbage-first heap   total 153600K, used 89027K [0x0000000700000000, 0x0000000800000000)
  region size 2048K, 3 young (6144K), 3 survivors (6144K)
 Metaspace       used 77657K, committed 78592K, reserved 557056K
  class space    used 10868K, committed 11328K, reserved 425984K
}
Event: 41.722 GC heap before
{Heap before GC invocations=42 (full 0):
 garbage-first heap   total 157696K, used 121795K [0x0000000700000000, 0x0000000800000000)
  region size 2048K, 20 young (40960K), 3 survivors (6144K)
 Metaspace       used 79990K, committed 80960K, reserved 557056K
  class space    used 11134K, committed 11584K, reserved 425984K
}
Event: 41.735 GC heap after
{Heap after GC invocations=43 (full 0):
 garbage-first heap   total 157696K, used 92831K [0x0000000700000000, 0x0000000800000000)
  region size 2048K, 3 young (6144K), 3 survivors (6144K)
 Metaspace       used 79990K, committed 80960K, reserved 557056K
  class space    used 11134K, committed 11584K, reserved 425984K
}
Event: 41.816 GC heap before
{Heap before GC invocations=43 (full 0):
 garbage-first heap   total 157696K, used 92831K [0x0000000700000000, 0x0000000800000000)
  region size 2048K, 4 young (8192K), 3 survivors (6144K)
 Metaspace       used 80037K, committed 81088K, reserved 557056K
  class space    used 11140K, committed 11648K, reserved 425984K
}
Event: 41.824 GC heap after
{Heap after GC invocations=44 (full 0):
 garbage-first heap   total 157696K, used 89472K [0x0000000700000000, 0x0000000800000000)
  region size 2048K, 1 young (2048K), 1 survivors (2048K)
 Metaspace       used 80037K, committed 81088K, reserved 557056K
  class space    used 11140K, committed 11648K, reserved 425984K
}
Event: 43.428 GC heap before
{Heap before GC invocations=44 (full 0):
 garbage-first heap   total 157696K, used 124288K [0x0000000700000000, 0x0000000800000000)
  region size 2048K, 18 young (36864K), 1 survivors (2048K)
 Metaspace       used 81572K, committed 82624K, reserved 557056K
  class space    used 11326K, committed 11840K, reserved 425984K
}

