# JRE version: OpenJDK Runtime Environment Temurin-21.0.11+10 (21.0.11+10) (build 21.0.11+10-LTS)
# Java VM: OpenJDK 64-Bit Server VM Temurin-21.0.11+10 (21.0.11+10-LTS, mixed mode, sharing, tiered, compressed oops, compressed class ptrs, parallel gc, windows-amd64)
GC Precious Log:
 CardTable entry size: 512
 CPUs: 8 total, 8 available
 Memory: 7418M
 Large Page Support: Disabled
 NUMA Support: Disabled
 Compressed Oops: Enabled (32-bit)
 Alignments: Space 512K, Generation 512K, Heap 2M
 Heap Min Capacity: 100M
 Heap Initial Capacity: 100M
 Heap Max Capacity: 2G
 Pre-touch: Disabled
 Parallel Workers: 8
Heap:
 PSYoungGen      total 5632K, used 4995K [0x00000000d5580000, 0x00000000d5e00000, 0x0000000100000000)
  eden space 2560K, 95% used [0x00000000d5580000,0x00000000d57e4f78,0x00000000d5800000)
  from space 3072K, 82% used [0x00000000d5b00000,0x00000000d5d7beb0,0x00000000d5e00000)
  to   space 3072K, 34% used [0x00000000d5800000,0x00000000d5907fa0,0x00000000d5b00000)
 ParOldGen       total 927744K, used 927741K [0x0000000080000000, 0x00000000b8a00000, 0x00000000d5580000)
  object space 927744K, 99% used [0x0000000080000000,0x00000000b89ff640,0x00000000b8a00000)
 Metaspace       used 72009K, committed 73600K, reserved 1114112K
  class space    used 8826K, committed 9536K, reserved 1048576K
GC Heap History (20 events):
Event: 266.339 GC heap after
{Heap after GC invocations=2304 (full 3):
 PSYoungGen      total 3072K, used 320K [0x00000000d5580000, 0x00000000d5a00000, 0x0000000100000000)
  eden space 2560K, 0% used [0x00000000d5580000,0x00000000d5580000,0x00000000d5800000)
  from space 512K, 62% used [0x00000000d5900000,0x00000000d5950000,0x00000000d5980000)
  to   space 512K, 0% used [0x00000000d5980000,0x00000000d5980000,0x00000000d5a00000)
 ParOldGen       total 922112K, used 922040K [0x0000000080000000, 0x00000000b8480000, 0x00000000d5580000)
  object space 922112K, 99% used [0x0000000080000000,0x00000000b846e140,0x00000000b8480000)
 Metaspace       used 72001K, committed 73600K, reserved 1114112K
  class space    used 8826K, committed 9536K, reserved 1048576K
}
Event: 266.371 GC heap before
{Heap before GC invocations=2305 (full 3):
 PSYoungGen      total 3072K, used 2880K [0x00000000d5580000, 0x00000000d5a00000, 0x0000000100000000)
  eden space 2560K, 100% used [0x00000000d5580000,0x00000000d5800000,0x00000000d5800000)
  from space 512K, 62% used [0x00000000d5900000,0x00000000d5950000,0x00000000d5980000)
  to   space 512K, 0% used [0x00000000d5980000,0x00000000d5980000,0x00000000d5a00000)
 ParOldGen       total 922112K, used 922040K [0x0000000080000000, 0x00000000b8480000, 0x00000000d5580000)
  object space 922112K, 99% used [0x0000000080000000,0x00000000b846e140,0x00000000b8480000)
 Metaspace       used 72001K, committed 73600K, reserved 1114112K
  class space    used 8826K, committed 9536K, reserved 1048576K
}
Event: 266.375 GC heap after
{Heap after GC invocations=2305 (full 3):
 PSYoungGen      total 3072K, used 416K [0x00000000d5580000, 0x00000000d5a00000, 0x0000000100000000)
  eden space 2560K, 0% used [0x00000000d5580000,0x00000000d5580000,0x00000000d5800000)
  from space 512K, 81% used [0x00000000d5980000,0x00000000d59e8000,0x00000000d5a00000)
  to   space 512K, 0% used [0x00000000d5900000,0x00000000d5900000,0x00000000d5980000)
 ParOldGen       total 922624K, used 922320K [0x0000000080000000, 0x00000000b8500000, 0x00000000d5580000)
  object space 922624K, 99% used [0x0000000080000000,0x00000000b84b4140,0x00000000b8500000)
 Metaspace       used 72001K, committed 73600K, reserved 1114112K
  class space    used 8826K, committed 9536K, reserved 1048576K
}
Event: 266.408 GC heap before
{Heap before GC invocations=2306 (full 3):
 PSYoungGen      total 3072K, used 2976K [0x00000000d5580000, 0x00000000d5a00000, 0x0000000100000000)
  eden space 2560K, 100% used [0x00000000d5580000,0x00000000d5800000,0x00000000d5800000)
  from space 512K, 81% used [0x00000000d5980000,0x00000000d59e8000,0x00000000d5a00000)
  to   space 512K, 0% used [0x00000000d5900000,0x00000000d5900000,0x00000000d5980000)
 ParOldGen       total 922624K, used 922320K [0x0000000080000000, 0x00000000b8500000, 0x00000000d5580000)
  object space 922624K, 99% used [0x0000000080000000,0x00000000b84b4140,0x00000000b8500000)
 Metaspace       used 72001K, committed 73600K, reserved 1114112K
  class space    used 8826K, committed 9536K, reserved 1048576K
}
Event: 266.411 GC heap after
{Heap after GC invocations=2306 (full 3):
 PSYoungGen      total 3072K, used 459K [0x00000000d5580000, 0x00000000d5a00000, 0x0000000100000000)
  eden space 2560K, 0% used [0x00000000d5580000,0x00000000d5580000,0x00000000d5800000)
  from space 512K, 89% used [0x00000000d5900000,0x00000000d5972fc0,0x00000000d5980000)
  to   space 512K, 0% used [0x00000000d5980000,0x00000000d5980000,0x00000000d5a00000)
 ParOldGen       total 922624K, used 922592K [0x0000000080000000, 0x00000000b8500000, 0x00000000d5580000)
  object space 922624K, 99% used [0x0000000080000000,0x00000000b84f8140,0x00000000b8500000)
 Metaspace       used 72001K, committed 73600K, reserved 1114112K
  class space    used 8826K, committed 9536K, reserved 1048576K
}
Event: 266.443 GC heap before
{Heap before GC invocations=2307 (full 3):
 PSYoungGen      total 3072K, used 3019K [0x00000000d5580000, 0x00000000d5a00000, 0x0000000100000000)
  eden space 2560K, 100% used [0x00000000d5580000,0x00000000d5800000,0x00000000d5800000)
  from space 512K, 89% used [0x00000000d5900000,0x00000000d5972fc0,0x00000000d5980000)
  to   space 512K, 0% used [0x00000000d5980000,0x00000000d5980000,0x00000000d5a00000)
 ParOldGen       total 922624K, used 922592K [0x0000000080000000, 0x00000000b8500000, 0x00000000d5580000)
  object space 922624K, 99% used [0x0000000080000000,0x00000000b84f8140,0x00000000b8500000)
 Metaspace       used 72001K, committed 73600K, reserved 1114112K
  class space    used 8826K, committed 9536K, reserved 1048576K
}
Event: 266.446 GC heap after
{Heap after GC invocations=2307 (full 3):
 PSYoungGen      total 3072K, used 403K [0x00000000d5580000, 0x00000000d5a00000, 0x0000000100000000)
  eden space 2560K, 0% used [0x00000000d5580000,0x00000000d5580000,0x00000000d5800000)
  from space 512K, 78% used [0x00000000d5980000,0x00000000d59e4e70,0x00000000d5a00000)
  to   space 512K, 0% used [0x00000000d5900000,0x00000000d5900000,0x00000000d5980000)
 ParOldGen       total 923136K, used 922904K [0x0000000080000000, 0x00000000b8580000, 0x00000000d5580000)
  object space 923136K, 99% used [0x0000000080000000,0x00000000b8546140,0x00000000b8580000)
 Metaspace       used 72001K, committed 73600K, reserved 1114112K
  class space    used 8826K, committed 9536K, reserved 1048576K
}
Event: 266.482 GC heap before
{Heap before GC invocations=2308 (full 3):
 PSYoungGen      total 3072K, used 2963K [0x00000000d5580000, 0x00000000d5a00000, 0x0000000100000000)
  eden space 2560K, 100% used [0x00000000d5580000,0x00000000d5800000,0x00000000d5800000)
  from space 512K, 78% used [0x00000000d5980000,0x00000000d59e4e70,0x00000000d5a00000)
  to   space 512K, 0% used [0x00000000d5900000,0x00000000d5900000,0x00000000d5980000)
 ParOldGen       total 923136K, used 922904K [0x0000000080000000, 0x00000000b8580000, 0x00000000d5580000)
  object space 923136K, 99% used [0x0000000080000000,0x00000000b8546140,0x00000000b8580000)
 Metaspace       used 72001K, committed 73600K, reserved 1114112K
  class space    used 8826K, committed 9536K, reserved 1048576K
}
Event: 266.485 GC heap after
{Heap after GC invocations=2308 (full 3):
 PSYoungGen      total 3072K, used 384K [0x00000000d5580000, 0x00000000d5a00000, 0x0000000100000000)
  eden space 2560K, 0% used [0x00000000d5580000,0x00000000d5580000,0x00000000d5800000)
  from space 512K, 75% used [0x00000000d5900000,0x00000000d5960000,0x00000000d5980000)
  to   space 512K, 0% used [0x00000000d5980000,0x00000000d5980000,0x00000000d5a00000)
 ParOldGen       total 923648K, used 923176K [0x0000000080000000, 0x00000000b8600000, 0x00000000d5580000)
  object space 923648K, 99% used [0x0000000080000000,0x00000000b858a140,0x00000000b8600000)
 Metaspace       used 72001K, committed 73600K, reserved 1114112K
  class space    used 8826K, committed 9536K, reserved 1048576K
}
Event: 266.525 GC heap before
{Heap before GC invocations=2309 (full 3):
 PSYoungGen      total 3072K, used 2944K [0x00000000d5580000, 0x00000000d5a00000, 0x0000000100000000)
  eden space 2560K, 100% used [0x00000000d5580000,0x00000000d5800000,0x00000000d5800000)
  from space 512K, 75% used [0x00000000d5900000,0x00000000d5960000,0x00000000d5980000)
  to   space 512K, 0% used [0x00000000d5980000,0x00000000d5980000,0x00000000d5a00000)
 ParOldGen       total 923648K, used 923176K [0x0000000080000000, 0x00000000b8600000, 0x00000000d5580000)
  object space 923648K, 99% used [0x0000000080000000,0x00000000b858a140,0x00000000b8600000)
 Metaspace       used 72001K, committed 73600K, reserved 1114112K
  class space    used 8826K, committed 9536K, reserved 1048576K
}
Event: 266.528 GC heap after
{Heap after GC invocations=2309 (full 3):
 PSYoungGen      total 3072K, used 352K [0x00000000d5580000, 0x00000000d5a00000, 0x0000000100000000)
  eden space 2560K, 0% used [0x00000000d5580000,0x00000000d5580000,0x00000000d5800000)
  from space 512K, 68% used [0x00000000d5980000,0x00000000d59d8000,0x00000000d5a00000)
  to   space 512K, 0% used [0x00000000d5900000,0x00000000d5900000,0x00000000d5980000)
 ParOldGen       total 923648K, used 923448K [0x0000000080000000, 0x00000000b8600000, 0x00000000d5580000)
  object space 923648K, 99% used [0x0000000080000000,0x00000000b85ce140,0x00000000b8600000)
 Metaspace       used 72001K, committed 73600K, reserved 1114112K
  class space    used 8826K, committed 9536K, reserved 1048576K
}
Event: 266.570 GC heap before
{Heap before GC invocations=2310 (full 3):
 PSYoungGen      total 3072K, used 2891K [0x00000000d5580000, 0x00000000d5a00000, 0x0000000100000000)
  eden space 2560K, 99% used [0x00000000d5580000,0x00000000d57facd8,0x00000000d5800000)
  from space 512K, 68% used [0x00000000d5980000,0x00000000d59d8000,0x00000000d5a00000)
  to   space 512K, 0% used [0x00000000d5900000,0x00000000d5900000,0x00000000d5980000)
 ParOldGen       total 923648K, used 923448K [0x0000000080000000, 0x00000000b8600000, 0x00000000d5580000)
  object space 923648K, 99% used [0x0000000080000000,0x00000000b85ce140,0x00000000b8600000)
 Metaspace       used 72001K, committed 73600K, reserved 1114112K
  class space    used 8826K, committed 9536K, reserved 1048576K
}
Event: 266.575 GC heap after
{Heap after GC invocations=2310 (full 3):
 PSYoungGen      total 3072K, used 382K [0x00000000d5580000, 0x00000000d5a00000, 0x0000000100000000)
  eden space 2560K, 0% used [0x00000000d5580000,0x00000000d5580000,0x00000000d5800000)
  from space 512K, 74% used [0x00000000d5900000,0x00000000d595f808,0x00000000d5980000)
  to   space 512K, 0% used [0x00000000d5980000,0x00000000d5980000,0x00000000d5a00000)
 ParOldGen       total 924160K, used 923704K [0x0000000080000000, 0x00000000b8680000, 0x00000000d5580000)
  object space 924160K, 99% used [0x0000000080000000,0x00000000b860e140,0x00000000b8680000)
 Metaspace       used 72001K, committed 73600K, reserved 1114112K
  class space    used 8826K, committed 9536K, reserved 1048576K
}
Event: 266.617 GC heap before
{Heap before GC invocations=2311 (full 3):
 PSYoungGen      total 3072K, used 2942K [0x00000000d5580000, 0x00000000d5a00000, 0x0000000100000000)
  eden space 2560K, 100% used [0x00000000d5580000,0x00000000d5800000,0x00000000d5800000)
  from space 512K, 74% used [0x00000000d5900000,0x00000000d595f808,0x00000000d5980000)
  to   space 512K, 0% used [0x00000000d5980000,0x00000000d5980000,0x00000000d5a00000)
 ParOldGen       total 924160K, used 923704K [0x0000000080000000, 0x00000000b8680000, 0x00000000d5580000)
  object space 924160K, 99% used [0x0000000080000000,0x00000000b860e140,0x00000000b8680000)
 Metaspace       used 72001K, committed 73600K, reserved 1114112K
  class space    used 8826K, committed 9536K, reserved 1048576K
}
Event: 266.620 GC heap after
{Heap after GC invocations=2311 (full 3):
 PSYoungGen      total 3072K, used 502K [0x00000000d5580000, 0x00000000d5b00000, 0x0000000100000000)
  eden space 2560K, 0% used [0x00000000d5580000,0x00000000d5580000,0x00000000d5800000)
  from space 512K, 98% used [0x00000000d5980000,0x00000000d59fd810,0x00000000d5a00000)
  to   space 1536K, 0% used [0x00000000d5800000,0x00000000d5800000,0x00000000d5980000)
 ParOldGen       total 924672K, used 924464K [0x0000000080000000, 0x00000000b8700000, 0x00000000d5580000)
  object space 924672K, 99% used [0x0000000080000000,0x00000000b86cc250,0x00000000b8700000)
 Metaspace       used 72001K, committed 73600K, reserved 1114112K
  class space    used 8826K, committed 9536K, reserved 1048576K
}
Event: 266.762 GC heap before
{Heap before GC invocations=2312 (full 3):
 PSYoungGen      total 3072K, used 3059K [0x00000000d5580000, 0x00000000d5b00000, 0x0000000100000000)
  eden space 2560K, 99% used [0x00000000d5580000,0x00000000d57ff4a0,0x00000000d5800000)
  from space 512K, 98% used [0x00000000d5980000,0x00000000d59fd810,0x00000000d5a00000)
  to   space 1536K, 0% used [0x00000000d5800000,0x00000000d5800000,0x00000000d5980000)
 ParOldGen       total 924672K, used 924464K [0x0000000080000000, 0x00000000b8700000, 0x00000000d5580000)
  object space 924672K, 99% used [0x0000000080000000,0x00000000b86cc250,0x00000000b8700000)
 Metaspace       used 72001K, committed 73600K, reserved 1114112K
  class space    used 8826K, committed 9536K, reserved 1048576K
}
Event: 266.766 GC heap after
{Heap after GC invocations=2312 (full 3):
 PSYoungGen      total 4096K, used 1529K [0x00000000d5580000, 0x00000000d5e00000, 0x0000000100000000)
  eden space 2560K, 0% used [0x00000000d5580000,0x00000000d5580000,0x00000000d5800000)
  from space 1536K, 99% used [0x00000000d5800000,0x00000000d597e400,0x00000000d5980000)
  to   space 3072K, 0% used [0x00000000d5b00000,0x00000000d5b00000,0x00000000d5e00000)
 ParOldGen       total 925696K, used 925429K [0x0000000080000000, 0x00000000b8800000, 0x00000000d5580000)
  object space 925696K, 99% used [0x0000000080000000,0x00000000b87bd658,0x00000000b8800000)
 Metaspace       used 72001K, committed 73600K, reserved 1114112K
  class space    used 8826K, committed 9536K, reserved 1048576K
}
Event: 267.025 GC heap before
{Heap before GC invocations=2313 (full 3):
 PSYoungGen      total 4096K, used 4028K [0x00000000d5580000, 0x00000000d5e00000, 0x0000000100000000)
  eden space 2560K, 97% used [0x00000000d5580000,0x00000000d57f0d50,0x00000000d5800000)
  from space 1536K, 99% used [0x00000000d5800000,0x00000000d597e400,0x00000000d5980000)
  to   space 3072K, 0% used [0x00000000d5b00000,0x00000000d5b00000,0x00000000d5e00000)
 ParOldGen       total 925696K, used 925429K [0x0000000080000000, 0x00000000b8800000, 0x00000000d5580000)
  object space 925696K, 99% used [0x0000000080000000,0x00000000b87bd658,0x00000000b8800000)
 Metaspace       used 72001K, committed 73600K, reserved 1114112K
  class space    used 8826K, committed 9536K, reserved 1048576K
}
Event: 267.028 GC heap after
{Heap after GC invocations=2313 (full 3):
 PSYoungGen      total 5632K, used 2543K [0x00000000d5580000, 0x00000000d5e00000, 0x0000000100000000)
  eden space 2560K, 0% used [0x00000000d5580000,0x00000000d5580000,0x00000000d5800000)
  from space 3072K, 82% used [0x00000000d5b00000,0x00000000d5d7beb0,0x00000000d5e00000)
  to   space 3072K, 0% used [0x00000000d5800000,0x00000000d5800000,0x00000000d5b00000)
 ParOldGen       total 926720K, used 926428K [0x0000000080000000, 0x00000000b8900000, 0x00000000d5580000)
  object space 926720K, 99% used [0x0000000080000000,0x00000000b88b7248,0x00000000b8900000)
 Metaspace       used 72001K, committed 73600K, reserved 1114112K
  class space    used 8826K, committed 9536K, reserved 1048576K
}
Event: 268.399 GC heap before
{Heap before GC invocations=2314 (full 3):
 PSYoungGen      total 5632K, used 4995K [0x00000000d5580000, 0x00000000d5e00000, 0x0000000100000000)
  eden space 2560K, 95% used [0x00000000d5580000,0x00000000d57e4f78,0x00000000d5800000)
  from space 3072K, 82% used [0x00000000d5b00000,0x00000000d5d7beb0,0x00000000d5e00000)
  to   space 3072K, 0% used [0x00000000d5800000,0x00000000d5800000,0x00000000d5b00000)
 ParOldGen       total 926720K, used 926428K [0x0000000080000000, 0x00000000b8900000, 0x00000000d5580000)
  object space 926720K, 99% used [0x0000000080000000,0x00000000b88b7248,0x00000000b8900000)
 Metaspace       used 72009K, committed 73600K, reserved 1114112K
  class space    used 8826K, committed 9536K, reserved 1048576K
}

