# JRE version: OpenJDK Runtime Environment Temurin-21.0.11+10 (21.0.11+10) (build 21.0.11+10-LTS)
# Java VM: OpenJDK 64-Bit Server VM Temurin-21.0.11+10 (21.0.11+10-LTS, mixed mode, sharing, tiered, compressed oops, compressed class ptrs, parallel gc, windows-amd64)
GC Precious Log:
 CardTable entry size: 512
 CPUs: 8 total, 8 available
 Memory: 7418M
 Large Page Support: Disabled
 NUMA Support: Disabled
 Compressed Oops: Enabled (32-bit)
 Alignments: Space 512K, Generation 512K, Heap 2M
 Heap Min Capacity: 100M
 Heap Initial Capacity: 100M
 Heap Max Capacity: 2G
 Pre-touch: Disabled
 Parallel Workers: 8
Heap:
 PSYoungGen      total 8192K, used 6427K [0x00000000d5580000, 0x00000000d6000000, 0x0000000100000000)
  eden space 5632K, 77% used [0x00000000d5580000,0x00000000d59c6bf0,0x00000000d5b00000)
  from space 2560K, 80% used [0x00000000d5d80000,0x00000000d5f80010,0x00000000d6000000)
  to   space 2560K, 0% used [0x00000000d5b00000,0x00000000d5b00000,0x00000000d5d80000)
 ParOldGen       total 177664K, used 164738K [0x0000000080000000, 0x000000008ad80000, 0x00000000d5580000)
  object space 177664K, 92% used [0x0000000080000000,0x000000008a0e0a60,0x000000008ad80000)
 Metaspace       used 99622K, committed 101760K, reserved 1179648K
  class space    used 13458K, committed 14400K, reserved 1048576K
GC Heap History (20 events):
Event: 643.171 GC heap before
{Heap before GC invocations=155 (full 3):
 PSYoungGen      total 8192K, used 5352K [0x00000000d5580000, 0x00000000d6080000, 0x0000000100000000)
  eden space 7680K, 65% used [0x00000000d5580000,0x00000000d5a6a0d0,0x00000000d5d00000)
  from space 512K, 62% used [0x00000000d5f80000,0x00000000d5fd0000,0x00000000d6000000)
  to   space 512K, 0% used [0x00000000d6000000,0x00000000d6000000,0x00000000d6080000)
 ParOldGen       total 177664K, used 177330K [0x0000000080000000, 0x000000008ad80000, 0x00000000d5580000)
  object space 177664K, 99% used [0x0000000080000000,0x000000008ad2c840,0x000000008ad80000)
 Metaspace       used 97613K, committed 99648K, reserved 1179648K
  class space    used 13207K, committed 14144K, reserved 1048576K
}
Event: 643.173 GC heap after
{Heap after GC invocations=155 (full 3):
 PSYoungGen      total 8192K, used 288K [0x00000000d5580000, 0x00000000d6080000, 0x0000000100000000)
  eden space 7680K, 0% used [0x00000000d5580000,0x00000000d5580000,0x00000000d5d00000)
  from space 512K, 56% used [0x00000000d6000000,0x00000000d6048000,0x00000000d6080000)
  to   space 512K, 0% used [0x00000000d5f80000,0x00000000d5f80000,0x00000000d6000000)
 ParOldGen       total 177664K, used 177498K [0x0000000080000000, 0x000000008ad80000, 0x00000000d5580000)
  object space 177664K, 99% used [0x0000000080000000,0x000000008ad56840,0x000000008ad80000)
 Metaspace       used 97613K, committed 99648K, reserved 1179648K
  class space    used 13207K, committed 14144K, reserved 1048576K
}
Event: 643.173 GC heap before
{Heap before GC invocations=156 (full 4):
 PSYoungGen      total 8192K, used 288K [0x00000000d5580000, 0x00000000d6080000, 0x0000000100000000)
  eden space 7680K, 0% used [0x00000000d5580000,0x00000000d5580000,0x00000000d5d00000)
  from space 512K, 56% used [0x00000000d6000000,0x00000000d6048000,0x00000000d6080000)
  to   space 512K, 0% used [0x00000000d5f80000,0x00000000d5f80000,0x00000000d6000000)
 ParOldGen       total 177664K, used 177498K [0x0000000080000000, 0x000000008ad80000, 0x00000000d5580000)
  object space 177664K, 99% used [0x0000000080000000,0x000000008ad56840,0x000000008ad80000)
 Metaspace       used 97613K, committed 99648K, reserved 1179648K
  class space    used 13207K, committed 14144K, reserved 1048576K
}
Event: 644.679 GC heap after
{Heap after GC invocations=156 (full 4):
 PSYoungGen      total 8192K, used 0K [0x00000000d5580000, 0x00000000d6080000, 0x0000000100000000)
  eden space 7680K, 0% used [0x00000000d5580000,0x00000000d5580000,0x00000000d5d00000)
  from space 512K, 0% used [0x00000000d6000000,0x00000000d6000000,0x00000000d6080000)
  to   space 512K, 0% used [0x00000000d5f80000,0x00000000d5f80000,0x00000000d6000000)
 ParOldGen       total 177664K, used 150362K [0x0000000080000000, 0x000000008ad80000, 0x00000000d5580000)
  object space 177664K, 84% used [0x0000000080000000,0x00000000892d6be0,0x000000008ad80000)
 Metaspace       used 97613K, committed 99648K, reserved 1179648K
  class space    used 13207K, committed 14144K, reserved 1048576K
}
Event: 645.818 GC heap before
{Heap before GC invocations=157 (full 4):
 PSYoungGen      total 8192K, used 7680K [0x00000000d5580000, 0x00000000d6080000, 0x0000000100000000)
  eden space 7680K, 100% used [0x00000000d5580000,0x00000000d5d00000,0x00000000d5d00000)
  from space 512K, 0% used [0x00000000d6000000,0x00000000d6000000,0x00000000d6080000)
  to   space 512K, 0% used [0x00000000d5f80000,0x00000000d5f80000,0x00000000d6000000)
 ParOldGen       total 177664K, used 150362K [0x0000000080000000, 0x000000008ad80000, 0x00000000d5580000)
  object space 177664K, 84% used [0x0000000080000000,0x00000000892d6be0,0x000000008ad80000)
 Metaspace       used 98113K, committed 100160K, reserved 1179648K
  class space    used 13290K, committed 14208K, reserved 1048576K
}
Event: 645.820 GC heap after
{Heap after GC invocations=157 (full 4):
 PSYoungGen      total 8192K, used 288K [0x00000000d5580000, 0x00000000d6080000, 0x0000000100000000)
  eden space 7680K, 0% used [0x00000000d5580000,0x00000000d5580000,0x00000000d5d00000)
  from space 512K, 56% used [0x00000000d5f80000,0x00000000d5fc8000,0x00000000d6000000)
  to   space 512K, 0% used [0x00000000d6000000,0x00000000d6000000,0x00000000d6080000)
 ParOldGen       total 177664K, used 150370K [0x0000000080000000, 0x000000008ad80000, 0x00000000d5580000)
  object space 177664K, 84% used [0x0000000080000000,0x00000000892d8be0,0x000000008ad80000)
 Metaspace       used 98113K, committed 100160K, reserved 1179648K
  class space    used 13290K, committed 14208K, reserved 1048576K
}
Event: 667.746 GC heap before
{Heap before GC invocations=158 (full 4):
 PSYoungGen      total 8192K, used 7968K [0x00000000d5580000, 0x00000000d6080000, 0x0000000100000000)
  eden space 7680K, 100% used [0x00000000d5580000,0x00000000d5d00000,0x00000000d5d00000)
  from space 512K, 56% used [0x00000000d5f80000,0x00000000d5fc8000,0x00000000d6000000)
  to   space 512K, 0% used [0x00000000d6000000,0x00000000d6000000,0x00000000d6080000)
 ParOldGen       total 177664K, used 150370K [0x0000000080000000, 0x000000008ad80000, 0x00000000d5580000)
  object space 177664K, 84% used [0x0000000080000000,0x00000000892d8be0,0x000000008ad80000)
 Metaspace       used 98820K, committed 100928K, reserved 1179648K
  class space    used 13383K, committed 14336K, reserved 1048576K
}
Event: 667.748 GC heap after
{Heap after GC invocations=158 (full 4):
 PSYoungGen      total 8192K, used 384K [0x00000000d5580000, 0x00000000d6080000, 0x0000000100000000)
  eden space 7680K, 0% used [0x00000000d5580000,0x00000000d5580000,0x00000000d5d00000)
  from space 512K, 75% used [0x00000000d6000000,0x00000000d6060000,0x00000000d6080000)
  to   space 512K, 0% used [0x00000000d5f80000,0x00000000d5f80000,0x00000000d6000000)
 ParOldGen       total 177664K, used 150474K [0x0000000080000000, 0x000000008ad80000, 0x00000000d5580000)
  object space 177664K, 84% used [0x0000000080000000,0x00000000892f2be0,0x000000008ad80000)
 Metaspace       used 98820K, committed 100928K, reserved 1179648K
  class space    used 13383K, committed 14336K, reserved 1048576K
}
Event: 690.579 GC heap before
{Heap before GC invocations=159 (full 4):
 PSYoungGen      total 8192K, used 8062K [0x00000000d5580000, 0x00000000d6080000, 0x0000000100000000)
  eden space 7680K, 99% used [0x00000000d5580000,0x00000000d5cffad0,0x00000000d5d00000)
  from space 512K, 75% used [0x00000000d6000000,0x00000000d6060000,0x00000000d6080000)
  to   space 512K, 0% used [0x00000000d5f80000,0x00000000d5f80000,0x00000000d6000000)
 ParOldGen       total 177664K, used 156582K [0x0000000080000000, 0x000000008ad80000, 0x00000000d5580000)
  object space 177664K, 88% used [0x0000000080000000,0x00000000898e99d0,0x000000008ad80000)
 Metaspace       used 98860K, committed 100928K, reserved 1179648K
  class space    used 13383K, committed 14336K, reserved 1048576K
}
Event: 690.584 GC heap after
{Heap after GC invocations=159 (full 4):
 PSYoungGen      total 8192K, used 256K [0x00000000d5580000, 0x00000000d6080000, 0x0000000100000000)
  eden space 7680K, 0% used [0x00000000d5580000,0x00000000d5580000,0x00000000d5d00000)
  from space 512K, 50% used [0x00000000d5f80000,0x00000000d5fc0000,0x00000000d6000000)
  to   space 512K, 0% used [0x00000000d6000000,0x00000000d6000000,0x00000000d6080000)
 ParOldGen       total 177664K, used 156806K [0x0000000080000000, 0x000000008ad80000, 0x00000000d5580000)
  object space 177664K, 88% used [0x0000000080000000,0x00000000899219d0,0x000000008ad80000)
 Metaspace       used 98860K, committed 100928K, reserved 1179648K
  class space    used 13383K, committed 14336K, reserved 1048576K
}
Event: 738.899 GC heap before
{Heap before GC invocations=160 (full 4):
 PSYoungGen      total 8192K, used 7920K [0x00000000d5580000, 0x00000000d6080000, 0x0000000100000000)
  eden space 7680K, 99% used [0x00000000d5580000,0x00000000d5cfc2f8,0x00000000d5d00000)
  from space 512K, 50% used [0x00000000d5f80000,0x00000000d5fc0000,0x00000000d6000000)
  to   space 512K, 0% used [0x00000000d6000000,0x00000000d6000000,0x00000000d6080000)
 ParOldGen       total 177664K, used 156806K [0x0000000080000000, 0x000000008ad80000, 0x00000000d5580000)
  object space 177664K, 88% used [0x0000000080000000,0x00000000899219d0,0x000000008ad80000)
 Metaspace       used 98930K, committed 100992K, reserved 1179648K
  class space    used 13393K, committed 14336K, reserved 1048576K
}
Event: 738.929 GC heap after
{Heap after GC invocations=160 (full 4):
 PSYoungGen      total 7168K, used 512K [0x00000000d5580000, 0x00000000d6500000, 0x0000000100000000)
  eden space 6656K, 0% used [0x00000000d5580000,0x00000000d5580000,0x00000000d5c00000)
  from space 512K, 100% used [0x00000000d6000000,0x00000000d6080000,0x00000000d6080000)
  to   space 4096K, 0% used [0x00000000d5c00000,0x00000000d5c00000,0x00000000d6000000)
 ParOldGen       total 177664K, used 159398K [0x0000000080000000, 0x000000008ad80000, 0x00000000d5580000)
  object space 177664K, 89% used [0x0000000080000000,0x0000000089ba9a30,0x000000008ad80000)
 Metaspace       used 98930K, committed 100992K, reserved 1179648K
  class space    used 13393K, committed 14336K, reserved 1048576K
}
Event: 739.626 GC heap before
{Heap before GC invocations=161 (full 4):
 PSYoungGen      total 7168K, used 7168K [0x00000000d5580000, 0x00000000d6500000, 0x0000000100000000)
  eden space 6656K, 100% used [0x00000000d5580000,0x00000000d5c00000,0x00000000d5c00000)
  from space 512K, 100% used [0x00000000d6000000,0x00000000d6080000,0x00000000d6080000)
  to   space 4096K, 0% used [0x00000000d5c00000,0x00000000d5c00000,0x00000000d6000000)
 ParOldGen       total 177664K, used 159398K [0x0000000080000000, 0x000000008ad80000, 0x00000000d5580000)
  object space 177664K, 89% used [0x0000000080000000,0x0000000089ba9a30,0x000000008ad80000)
 Metaspace       used 99273K, committed 101440K, reserved 1179648K
  class space    used 13432K, committed 14400K, reserved 1048576K
}
Event: 739.631 GC heap after
{Heap after GC invocations=161 (full 4):
 PSYoungGen      total 8192K, used 1432K [0x00000000d5580000, 0x00000000d6080000, 0x0000000100000000)
  eden space 6656K, 0% used [0x00000000d5580000,0x00000000d5580000,0x00000000d5c00000)
  from space 1536K, 93% used [0x00000000d5c00000,0x00000000d5d66020,0x00000000d5d80000)
  to   space 2048K, 0% used [0x00000000d5e80000,0x00000000d5e80000,0x00000000d6080000)
 ParOldGen       total 177664K, used 159878K [0x0000000080000000, 0x000000008ad80000, 0x00000000d5580000)
  object space 177664K, 89% used [0x0000000080000000,0x0000000089c21a30,0x000000008ad80000)
 Metaspace       used 99273K, committed 101440K, reserved 1179648K
  class space    used 13432K, committed 14400K, reserved 1048576K
}
Event: 739.763 GC heap before
{Heap before GC invocations=162 (full 4):
 PSYoungGen      total 8192K, used 8085K [0x00000000d5580000, 0x00000000d6080000, 0x0000000100000000)
  eden space 6656K, 99% used [0x00000000d5580000,0x00000000d5bff688,0x00000000d5c00000)
  from space 1536K, 93% used [0x00000000d5c00000,0x00000000d5d66020,0x00000000d5d80000)
  to   space 2048K, 0% used [0x00000000d5e80000,0x00000000d5e80000,0x00000000d6080000)
 ParOldGen       total 177664K, used 159878K [0x0000000080000000, 0x000000008ad80000, 0x00000000d5580000)
  object space 177664K, 89% used [0x0000000080000000,0x0000000089c21a30,0x000000008ad80000)
 Metaspace       used 99306K, committed 101440K, reserved 1179648K
  class space    used 13435K, committed 14400K, reserved 1048576K
}
Event: 739.769 GC heap after
{Heap after GC invocations=162 (full 4):
 PSYoungGen      total 7680K, used 2028K [0x00000000d5580000, 0x00000000d6300000, 0x0000000100000000)
  eden space 5632K, 0% used [0x00000000d5580000,0x00000000d5580000,0x00000000d5b00000)
  from space 2048K, 99% used [0x00000000d5e80000,0x00000000d607b030,0x00000000d6080000)
  to   space 3584K, 0% used [0x00000000d5b00000,0x00000000d5b00000,0x00000000d5e80000)
 ParOldGen       total 177664K, used 160774K [0x0000000080000000, 0x000000008ad80000, 0x00000000d5580000)
  object space 177664K, 90% used [0x0000000080000000,0x0000000089d01a30,0x000000008ad80000)
 Metaspace       used 99306K, committed 101440K, reserved 1179648K
  class space    used 13435K, committed 14400K, reserved 1048576K
}
Event: 739.936 GC heap before
{Heap before GC invocations=163 (full 4):
 PSYoungGen      total 7680K, used 7660K [0x00000000d5580000, 0x00000000d6300000, 0x0000000100000000)
  eden space 5632K, 100% used [0x00000000d5580000,0x00000000d5b00000,0x00000000d5b00000)
  from space 2048K, 99% used [0x00000000d5e80000,0x00000000d607b030,0x00000000d6080000)
  to   space 3584K, 0% used [0x00000000d5b00000,0x00000000d5b00000,0x00000000d5e80000)
 ParOldGen       total 177664K, used 160774K [0x0000000080000000, 0x000000008ad80000, 0x00000000d5580000)
  object space 177664K, 90% used [0x0000000080000000,0x0000000089d01a30,0x000000008ad80000)
 Metaspace       used 99495K, committed 101632K, reserved 1179648K
  class space    used 13445K, committed 14400K, reserved 1048576K
}
Event: 739.944 GC heap after
{Heap after GC invocations=163 (full 4):
 PSYoungGen      total 7680K, used 2032K [0x00000000d5580000, 0x00000000d6000000, 0x0000000100000000)
  eden space 5632K, 0% used [0x00000000d5580000,0x00000000d5580000,0x00000000d5b00000)
  from space 2048K, 99% used [0x00000000d5b00000,0x00000000d5cfc010,0x00000000d5d00000)
  to   space 2560K, 0% used [0x00000000d5d80000,0x00000000d5d80000,0x00000000d6000000)
 ParOldGen       total 177664K, used 162818K [0x0000000080000000, 0x000000008ad80000, 0x00000000d5580000)
  object space 177664K, 91% used [0x0000000080000000,0x0000000089f00a60,0x000000008ad80000)
 Metaspace       used 99495K, committed 101632K, reserved 1179648K
  class space    used 13445K, committed 14400K, reserved 1048576K
}
Event: 740.155 GC heap before
{Heap before GC invocations=164 (full 4):
 PSYoungGen      total 7680K, used 7664K [0x00000000d5580000, 0x00000000d6000000, 0x0000000100000000)
  eden space 5632K, 100% used [0x00000000d5580000,0x00000000d5b00000,0x00000000d5b00000)
  from space 2048K, 99% used [0x00000000d5b00000,0x00000000d5cfc010,0x00000000d5d00000)
  to   space 2560K, 0% used [0x00000000d5d80000,0x00000000d5d80000,0x00000000d6000000)
 ParOldGen       total 177664K, used 162818K [0x0000000080000000, 0x000000008ad80000, 0x00000000d5580000)
  object space 177664K, 91% used [0x0000000080000000,0x0000000089f00a60,0x000000008ad80000)
 Metaspace       used 99495K, committed 101632K, reserved 1179648K
  class space    used 13445K, committed 14400K, reserved 1048576K
}
Event: 740.165 GC heap after
{Heap after GC invocations=164 (full 4):
 PSYoungGen      total 8192K, used 2048K [0x00000000d5580000, 0x00000000d6000000, 0x0000000100000000)
  eden space 5632K, 0% used [0x00000000d5580000,0x00000000d5580000,0x00000000d5b00000)
  from space 2560K, 80% used [0x00000000d5d80000,0x00000000d5f80010,0x00000000d6000000)
  to   space 2560K, 0% used [0x00000000d5b00000,0x00000000d5b00000,0x00000000d5d80000)
 ParOldGen       total 177664K, used 164738K [0x0000000080000000, 0x000000008ad80000, 0x00000000d5580000)
  object space 177664K, 92% used [0x0000000080000000,0x000000008a0e0a60,0x000000008ad80000)
 Metaspace       used 99495K, committed 101632K, reserved 1179648K
  class space    used 13445K, committed 14400K, reserved 1048576K
}

